mode: atomic
golang.binggl.net/monorepo/cmd/bookmarks/server/main.go:19.13,20.63 1 0
golang.binggl.net/monorepo/cmd/bookmarks/server/main.go:20.63,23.3 2 0
golang.binggl.net/monorepo/cmd/login/tokentest/main.go:16.13,19.58 3 0
golang.binggl.net/monorepo/cmd/login/tokentest/main.go:19.58,32.3 4 0
golang.binggl.net/monorepo/cmd/login/tokentest/main.go:34.2,35.61 2 0
golang.binggl.net/monorepo/cmd/login/tokentest/main.go:38.46,40.13 2 0
golang.binggl.net/monorepo/cmd/login/tokentest/main.go:40.13,42.3 1 0
golang.binggl.net/monorepo/cmd/login/tokentest/main.go:43.2,43.10 1 0
golang.binggl.net/monorepo/cmd/login/tokentest/main.go:46.27,67.2 9 0
golang.binggl.net/monorepo/cmd/mydms/server/main.go:19.13,20.59 1 0
golang.binggl.net/monorepo/cmd/mydms/server/main.go:20.59,23.3 2 0
golang.binggl.net/monorepo/cmd/mydms/sqlite/main.go:39.41,41.2 1 0
golang.binggl.net/monorepo/cmd/mydms/sqlite/main.go:44.42,46.2 1 0
golang.binggl.net/monorepo/cmd/mydms/sqlite/main.go:50.13,55.45 4 0
golang.binggl.net/monorepo/cmd/mydms/sqlite/main.go:55.45,57.42 2 0
golang.binggl.net/monorepo/cmd/mydms/sqlite/main.go:60.2,61.16 2 0
golang.binggl.net/monorepo/cmd/mydms/sqlite/main.go:61.16,62.76 1 0
golang.binggl.net/monorepo/cmd/mydms/sqlite/main.go:64.2,67.16 3 0
golang.binggl.net/monorepo/cmd/mydms/sqlite/main.go:67.16,68.77 1 0
golang.binggl.net/monorepo/cmd/mydms/sqlite/main.go:70.2,72.15 2 0
golang.binggl.net/monorepo/cmd/mydms/sqlite/main.go:72.15,78.3 4 0
golang.binggl.net/monorepo/cmd/mydms/sqlite/main.go:81.2,84.20 4 0
golang.binggl.net/monorepo/cmd/mydms/sqlite/main.go:84.20,85.72 1 0
golang.binggl.net/monorepo/cmd/mydms/sqlite/main.go:87.2,89.29 3 0
golang.binggl.net/monorepo/cmd/mydms/sqlite/main.go:89.29,91.26 2 0
golang.binggl.net/monorepo/cmd/mydms/sqlite/main.go:91.26,93.4 1 0
golang.binggl.net/monorepo/cmd/mydms/sqlite/main.go:95.2,95.49 1 0
golang.binggl.net/monorepo/cmd/core/server/main.go:19.13,20.58 1 0
golang.binggl.net/monorepo/cmd/core/server/main.go:20.58,23.3 2 0
golang.binggl.net/monorepo/internal/bookmarks/router.go:28.111,51.51 5 0
golang.binggl.net/monorepo/internal/bookmarks/router.go:51.51,57.3 2 0
golang.binggl.net/monorepo/internal/bookmarks/router.go:61.2,61.39 1 0
golang.binggl.net/monorepo/internal/bookmarks/router.go:61.39,78.3 16 0
golang.binggl.net/monorepo/internal/bookmarks/router.go:80.2,82.12 2 0
golang.binggl.net/monorepo/internal/bookmarks/router.go:85.111,115.2 7 0
golang.binggl.net/monorepo/internal/bookmarks/server.go:19.48,45.46 5 0
golang.binggl.net/monorepo/internal/bookmarks/server.go:45.46,48.3 2 0
golang.binggl.net/monorepo/internal/bookmarks/server.go:50.2,59.4 1 0
golang.binggl.net/monorepo/internal/bookmarks/server.go:62.51,72.2 1 0
golang.binggl.net/monorepo/internal/bookmarks/server.go:78.123,80.16 2 0
golang.binggl.net/monorepo/internal/bookmarks/server.go:80.16,81.67 1 0
golang.binggl.net/monorepo/internal/bookmarks/server.go:83.2,83.84 1 0
golang.binggl.net/monorepo/internal/bookmarks/app/errors.go:10.45,14.2 1 0
golang.binggl.net/monorepo/internal/bookmarks/app/errors.go:22.40,24.2 1 0
golang.binggl.net/monorepo/internal/bookmarks/app/errors.go:31.49,35.2 1 0
golang.binggl.net/monorepo/internal/bookmarks/app/errors.go:43.42,45.2 1 0
golang.binggl.net/monorepo/internal/bookmarks/app/errors.go:52.45,56.2 1 0
golang.binggl.net/monorepo/internal/bookmarks/app/errors.go:64.40,66.2 1 0
golang.binggl.net/monorepo/internal/core/router.go:32.128,60.51 4 0
golang.binggl.net/monorepo/internal/core/router.go:60.51,66.3 2 0
golang.binggl.net/monorepo/internal/core/router.go:71.2,74.41 2 0
golang.binggl.net/monorepo/internal/core/router.go:74.41,81.3 6 0
golang.binggl.net/monorepo/internal/core/router.go:83.2,86.42 2 0
golang.binggl.net/monorepo/internal/core/router.go:86.42,92.3 5 0
golang.binggl.net/monorepo/internal/core/router.go:95.2,95.62 1 0
golang.binggl.net/monorepo/internal/core/router.go:95.62,97.3 1 0
golang.binggl.net/monorepo/internal/core/router.go:99.2,101.12 2 0
golang.binggl.net/monorepo/internal/core/router.go:104.111,134.2 7 0
golang.binggl.net/monorepo/internal/core/server.go:19.48,29.16 5 0
golang.binggl.net/monorepo/internal/core/server.go:29.16,30.67 1 0
golang.binggl.net/monorepo/internal/core/server.go:33.2,48.46 2 0
golang.binggl.net/monorepo/internal/core/server.go:48.46,51.3 2 0
golang.binggl.net/monorepo/internal/core/server.go:53.2,62.4 1 0
golang.binggl.net/monorepo/internal/core/server.go:65.51,75.2 1 0
golang.binggl.net/monorepo/internal/common/pages.go:31.136,34.34 3 0
golang.binggl.net/monorepo/internal/common/pages.go:34.34,35.23 1 0
golang.binggl.net/monorepo/internal/common/pages.go:35.23,38.4 2 0
golang.binggl.net/monorepo/internal/common/pages.go:39.3,39.112 1 0
golang.binggl.net/monorepo/internal/common/pages.go:41.2,41.21 1 0
golang.binggl.net/monorepo/internal/common/pages.go:41.21,43.3 1 0
golang.binggl.net/monorepo/internal/common/pages.go:44.2,53.25 3 0
golang.binggl.net/monorepo/internal/common/pages.go:53.25,55.3 1 0
golang.binggl.net/monorepo/internal/common/pages.go:56.2,56.14 1 0
golang.binggl.net/monorepo/internal/common/pages.go:60.33,66.2 1 0
golang.binggl.net/monorepo/internal/common/pages.go:69.66,70.17 1 0
golang.binggl.net/monorepo/internal/common/pages.go:70.17,72.3 1 0
golang.binggl.net/monorepo/internal/common/pages.go:73.2,73.25 1 0
golang.binggl.net/monorepo/internal/common/pages.go:73.25,75.3 1 0
golang.binggl.net/monorepo/internal/common/pages.go:76.2,76.35 1 0
golang.binggl.net/monorepo/internal/common/pages.go:80.49,81.17 1 0
golang.binggl.net/monorepo/internal/common/pages.go:81.17,83.3 1 0
golang.binggl.net/monorepo/internal/common/pages.go:84.2,84.25 1 0
golang.binggl.net/monorepo/internal/common/pages.go:84.25,86.3 1 0
golang.binggl.net/monorepo/internal/common/pages.go:87.2,87.23 1 0
golang.binggl.net/monorepo/internal/common/toast.go:23.49,25.2 1 0
golang.binggl.net/monorepo/internal/common/toast.go:27.47,29.2 1 0
golang.binggl.net/monorepo/internal/common/toast.go:31.64,40.2 2 0
golang.binggl.net/monorepo/internal/common/toast.go:42.33,44.16 2 0
golang.binggl.net/monorepo/internal/common/toast.go:44.16,45.57 1 0
golang.binggl.net/monorepo/internal/common/toast.go:47.2,47.24 1 0
golang.binggl.net/monorepo/internal/common/user.go:9.49,11.24 2 0
golang.binggl.net/monorepo/internal/common/user.go:11.24,12.55 1 0
golang.binggl.net/monorepo/internal/common/user.go:14.2,14.13 1 0
golang.binggl.net/monorepo/internal/bookmarks/web/html/component_bookmarks_list.go:12.51,14.31 2 0
golang.binggl.net/monorepo/internal/bookmarks/web/html/component_bookmarks_list.go:14.31,16.3 1 0
golang.binggl.net/monorepo/internal/bookmarks/web/html/component_bookmarks_list.go:17.2,17.21 1 0
golang.binggl.net/monorepo/internal/bookmarks/web/html/component_bookmarks_list.go:20.87,32.51 1 0
golang.binggl.net/monorepo/internal/bookmarks/web/html/component_bookmarks_list.go:32.51,81.5 1 0
golang.binggl.net/monorepo/internal/bookmarks/web/html/component_dialog_edit_bookmark.go:34.62,38.27 4 0
golang.binggl.net/monorepo/internal/bookmarks/web/html/component_dialog_edit_bookmark.go:38.27,42.3 3 0
golang.binggl.net/monorepo/internal/bookmarks/web/html/component_dialog_edit_bookmark.go:43.2,44.18 2 0
golang.binggl.net/monorepo/internal/bookmarks/web/html/component_dialog_edit_bookmark.go:44.18,46.3 1 0
golang.binggl.net/monorepo/internal/bookmarks/web/html/component_dialog_edit_bookmark.go:48.2,51.3 1 0
golang.binggl.net/monorepo/internal/bookmarks/web/html/component_dialog_edit_bookmark.go:54.38,55.15 1 0
golang.binggl.net/monorepo/internal/bookmarks/web/html/component_dialog_edit_bookmark.go:55.15,57.3 1 0
golang.binggl.net/monorepo/internal/bookmarks/web/html/component_dialog_edit_bookmark.go:58.2,58.12 1 0
golang.binggl.net/monorepo/internal/bookmarks/web/html/component_dialog_edit_bookmark.go:61.37,62.15 1 0
golang.binggl.net/monorepo/internal/bookmarks/web/html/component_dialog_edit_bookmark.go:62.15,64.3 1 0
golang.binggl.net/monorepo/internal/bookmarks/web/html/component_dialog_edit_bookmark.go:65.2,65.12 1 0
golang.binggl.net/monorepo/internal/bookmarks/web/html/component_dialog_edit_bookmark.go:71.56,115.45 1 0
golang.binggl.net/monorepo/internal/bookmarks/web/html/component_dialog_edit_bookmark.go:115.45,117.11 1 0
golang.binggl.net/monorepo/internal/bookmarks/web/html/ellipsis.go:21.46,23.41 2 0
golang.binggl.net/monorepo/internal/bookmarks/web/html/ellipsis.go:23.41,25.20 2 0
golang.binggl.net/monorepo/internal/bookmarks/web/html/ellipsis.go:25.20,26.50 1 0
golang.binggl.net/monorepo/internal/bookmarks/web/html/ellipsis.go:26.50,28.5 1 0
golang.binggl.net/monorepo/internal/bookmarks/web/html/ellipsis.go:29.4,29.50 1 0
golang.binggl.net/monorepo/internal/bookmarks/web/html/ellipsis.go:29.50,31.5 1 0
golang.binggl.net/monorepo/internal/bookmarks/web/html/ellipsis.go:34.2,34.8 1 0
golang.binggl.net/monorepo/internal/bookmarks/web/html/ellipsis.go:51.62,54.13 3 0
golang.binggl.net/monorepo/internal/bookmarks/web/html/ellipsis.go:54.13,57.3 1 0
golang.binggl.net/monorepo/internal/bookmarks/web/html/ellipsis.go:59.2,59.15 1 0
golang.binggl.net/monorepo/internal/bookmarks/web/html/ellipsis.go:59.15,61.3 1 0
golang.binggl.net/monorepo/internal/bookmarks/web/html/ellipsis.go:62.2,62.8 1 0
golang.binggl.net/monorepo/internal/bookmarks/web/html/page_bookmarks_by_path.go:16.50,18.2 1 0
golang.binggl.net/monorepo/internal/bookmarks/web/html/page_bookmarks_by_path.go:20.37,25.2 1 0
golang.binggl.net/monorepo/internal/bookmarks/web/html/page_bookmarks_by_path.go:30.68,32.28 2 0
golang.binggl.net/monorepo/internal/bookmarks/web/html/page_bookmarks_by_path.go:32.28,33.17 1 0
golang.binggl.net/monorepo/internal/bookmarks/web/html/page_bookmarks_by_path.go:33.17,34.14 1 0
golang.binggl.net/monorepo/internal/bookmarks/web/html/page_bookmarks_by_path.go:34.14,40.5 1 0
golang.binggl.net/monorepo/internal/bookmarks/web/html/page_bookmarks_by_path.go:40.10,46.5 1 0
golang.binggl.net/monorepo/internal/bookmarks/web/html/page_bookmarks_by_path.go:47.9,48.14 1 0
golang.binggl.net/monorepo/internal/bookmarks/web/html/page_bookmarks_by_path.go:48.14,57.5 1 0
golang.binggl.net/monorepo/internal/bookmarks/web/html/page_bookmarks_by_path.go:57.10,65.5 1 0
golang.binggl.net/monorepo/internal/bookmarks/web/html/page_bookmarks_by_path.go:69.2,113.3 1 0
golang.binggl.net/monorepo/internal/bookmarks/web/html/page_search.go:12.75,14.50 1 0
golang.binggl.net/monorepo/internal/bookmarks/web/html/page_search.go:14.50,61.4 1 0
golang.binggl.net/monorepo/internal/bookmarks/web/html/page_search.go:65.28,67.2 1 0
golang.binggl.net/monorepo/internal/bookmarks/web/html/page_search.go:69.45,75.2 1 0
golang.binggl.net/monorepo/internal/core/web/html/page_sites.go:9.52,12.60 1 0
golang.binggl.net/monorepo/internal/core/web/html/page_sites.go:12.60,17.47 1 0
golang.binggl.net/monorepo/internal/core/web/html/page_sites.go:17.47,19.9 1 0
golang.binggl.net/monorepo/internal/core/web/html/page_sites.go:29.26,31.2 1 0
golang.binggl.net/monorepo/internal/core/web/html/page_sites.go:33.43,45.2 1 0
golang.binggl.net/monorepo/internal/core/web/html/page_sites_edit.go:8.50,17.2 1 0
golang.binggl.net/monorepo/internal/core/web/html/page_sites_edit.go:19.30,24.2 1 0
golang.binggl.net/monorepo/internal/core/web/html/page_sites_edit.go:36.47,52.2 1 0
golang.binggl.net/monorepo/internal/core/app/shared/errors.go:10.45,14.2 1 0
golang.binggl.net/monorepo/internal/core/app/shared/errors.go:22.40,24.2 1 0
golang.binggl.net/monorepo/internal/core/app/shared/errors.go:31.49,35.2 1 0
golang.binggl.net/monorepo/internal/core/app/shared/errors.go:43.42,45.2 1 0
golang.binggl.net/monorepo/internal/core/app/shared/errors.go:52.45,56.2 1 0
golang.binggl.net/monorepo/internal/core/app/shared/errors.go:64.40,66.2 1 0
golang.binggl.net/monorepo/internal/mydms/router.go:33.165,56.49 4 0
golang.binggl.net/monorepo/internal/mydms/router.go:56.49,62.3 2 0
golang.binggl.net/monorepo/internal/mydms/router.go:67.2,72.42 3 0
golang.binggl.net/monorepo/internal/mydms/router.go:72.42,86.3 12 0
golang.binggl.net/monorepo/internal/mydms/router.go:88.2,90.12 2 0
golang.binggl.net/monorepo/internal/mydms/router.go:93.111,123.2 7 0
golang.binggl.net/monorepo/internal/mydms/server.go:23.48,34.16 6 0
golang.binggl.net/monorepo/internal/mydms/server.go:34.16,35.70 1 0
golang.binggl.net/monorepo/internal/mydms/server.go:38.2,65.44 2 0
golang.binggl.net/monorepo/internal/mydms/server.go:65.44,68.3 2 0
golang.binggl.net/monorepo/internal/mydms/server.go:70.2,79.4 1 0
golang.binggl.net/monorepo/internal/mydms/server.go:82.53,92.2 1 0
golang.binggl.net/monorepo/internal/core/web/templateHandler.go:31.59,32.54 1 0
golang.binggl.net/monorepo/internal/core/web/templateHandler.go:32.54,38.17 5 0
golang.binggl.net/monorepo/internal/core/web/templateHandler.go:38.17,40.4 1 0
golang.binggl.net/monorepo/internal/core/web/templateHandler.go:42.3,48.14 1 0
golang.binggl.net/monorepo/internal/core/web/templateHandler.go:53.60,54.54 1 0
golang.binggl.net/monorepo/internal/core/web/templateHandler.go:54.54,60.17 5 0
golang.binggl.net/monorepo/internal/core/web/templateHandler.go:60.17,62.4 1 0
golang.binggl.net/monorepo/internal/core/web/templateHandler.go:64.3,72.14 2 0
golang.binggl.net/monorepo/internal/core/web/templateHandler.go:77.56,78.54 1 0
golang.binggl.net/monorepo/internal/core/web/templateHandler.go:78.54,83.17 4 0
golang.binggl.net/monorepo/internal/core/web/templateHandler.go:83.17,87.4 3 0
golang.binggl.net/monorepo/internal/core/web/templateHandler.go:89.3,92.17 4 0
golang.binggl.net/monorepo/internal/core/web/templateHandler.go:92.17,97.4 3 0
golang.binggl.net/monorepo/internal/core/web/templateHandler.go:99.3,100.17 2 0
golang.binggl.net/monorepo/internal/core/web/templateHandler.go:100.17,105.4 3 0
golang.binggl.net/monorepo/internal/core/web/templateHandler.go:108.3,108.42 1 0
golang.binggl.net/monorepo/internal/core/web/templateHandler.go:116.50,118.2 1 0
golang.binggl.net/monorepo/internal/mydms/app/shared/errors.go:15.45,19.2 1 0
golang.binggl.net/monorepo/internal/mydms/app/shared/errors.go:27.40,29.2 1 0
golang.binggl.net/monorepo/internal/mydms/app/shared/errors.go:35.49,39.2 1 0
golang.binggl.net/monorepo/internal/mydms/app/shared/errors.go:47.42,49.2 1 0
golang.binggl.net/monorepo/internal/mydms/app/shared/repository.go:23.54,26.2 2 0
golang.binggl.net/monorepo/internal/mydms/app/shared/repository.go:29.40,31.2 1 0
golang.binggl.net/monorepo/internal/mydms/app/shared/repository.go:40.52,42.16 2 0
golang.binggl.net/monorepo/internal/mydms/app/shared/repository.go:42.16,44.3 1 0
golang.binggl.net/monorepo/internal/mydms/app/shared/repository.go:45.2,45.42 1 0
golang.binggl.net/monorepo/internal/mydms/app/shared/repository.go:50.63,51.14 1 0
golang.binggl.net/monorepo/internal/mydms/app/shared/repository.go:51.14,52.14 1 0
golang.binggl.net/monorepo/internal/mydms/app/shared/repository.go:53.12,54.26 1 0
golang.binggl.net/monorepo/internal/mydms/app/shared/repository.go:55.11,57.21 2 0
golang.binggl.net/monorepo/internal/mydms/app/shared/repository.go:57.21,59.41 2 0
golang.binggl.net/monorepo/internal/mydms/app/shared/repository.go:59.41,61.6 1 0
golang.binggl.net/monorepo/internal/mydms/app/shared/repository.go:62.10,64.5 1 0
golang.binggl.net/monorepo/internal/mydms/app/shared/repository.go:67.2,67.12 1 0
golang.binggl.net/monorepo/internal/mydms/app/shared/repository.go:72.56,73.15 1 0
golang.binggl.net/monorepo/internal/mydms/app/shared/repository.go:73.15,75.17 2 0
golang.binggl.net/monorepo/internal/mydms/app/shared/repository.go:75.17,77.4 1 0
golang.binggl.net/monorepo/internal/mydms/app/shared/repository.go:78.3,78.22 1 0
golang.binggl.net/monorepo/internal/mydms/app/shared/repository.go:80.2,80.15 1 0
golang.binggl.net/monorepo/internal/mydms/html/component_dialog_edit.go:57.66,58.15 1 0
golang.binggl.net/monorepo/internal/mydms/html/component_dialog_edit.go:58.15,60.3 1 0
golang.binggl.net/monorepo/internal/mydms/html/component_dialog_edit.go:62.2,65.42 3 0
golang.binggl.net/monorepo/internal/mydms/html/component_dialog_edit.go:65.42,67.3 1 0
golang.binggl.net/monorepo/internal/mydms/html/component_dialog_edit.go:68.2,68.46 1 0
golang.binggl.net/monorepo/internal/mydms/html/component_dialog_edit.go:68.46,70.3 1 0
golang.binggl.net/monorepo/internal/mydms/html/component_dialog_edit.go:72.2,121.52 1 0
golang.binggl.net/monorepo/internal/mydms/html/component_dialog_edit.go:121.52,123.11 1 0
golang.binggl.net/monorepo/internal/mydms/html/component_dialog_edit.go:142.55,144.11 1 0
golang.binggl.net/monorepo/internal/mydms/html/page_documents.go:10.66,25.2 1 0
golang.binggl.net/monorepo/internal/mydms/html/page_documents.go:27.48,31.18 2 0
golang.binggl.net/monorepo/internal/mydms/html/page_documents.go:31.18,33.3 1 0
golang.binggl.net/monorepo/internal/mydms/html/page_documents.go:34.2,53.3 1 0
golang.binggl.net/monorepo/internal/mydms/html/page_documents.go:59.31,61.2 1 0
golang.binggl.net/monorepo/internal/mydms/html/partial_document_download.go:23.51,26.44 2 0
golang.binggl.net/monorepo/internal/mydms/html/partial_document_download.go:26.44,35.3 1 0
golang.binggl.net/monorepo/internal/mydms/html/partial_document_download.go:35.8,35.64 1 0
golang.binggl.net/monorepo/internal/mydms/html/partial_document_download.go:35.64,43.3 1 0
golang.binggl.net/monorepo/internal/mydms/html/partial_document_download.go:43.8,84.3 1 0
golang.binggl.net/monorepo/internal/mydms/html/partial_document_download.go:85.2,85.25 1 0
golang.binggl.net/monorepo/internal/mydms/html/partial_document_download.go:88.72,108.2 2 0
golang.binggl.net/monorepo/internal/mydms/html/partial_document_list.go:16.71,19.68 2 0
golang.binggl.net/monorepo/internal/mydms/html/partial_document_list.go:19.68,70.44 1 0
golang.binggl.net/monorepo/internal/mydms/html/partial_document_list.go:70.44,72.7 1 0
golang.binggl.net/monorepo/internal/mydms/html/partial_document_list.go:75.47,82.7 1 0
golang.binggl.net/monorepo/internal/mydms/html/partial_document_list.go:88.47,96.8 2 0
golang.binggl.net/monorepo/internal/mydms/html/partial_document_list.go:102.2,136.26 6 0
golang.binggl.net/monorepo/pkg/develop/livereload_websocket.go:42.38,46.2 1 0
golang.binggl.net/monorepo/pkg/develop/livereload_websocket.go:49.33,51.74 2 0
golang.binggl.net/monorepo/pkg/develop/livereload_websocket.go:51.74,56.44 1 0
golang.binggl.net/monorepo/pkg/develop/livereload_websocket.go:56.44,58.5 1 0
golang.binggl.net/monorepo/pkg/develop/livereload_websocket.go:60.3,61.17 2 0
golang.binggl.net/monorepo/pkg/develop/livereload_websocket.go:61.17,64.4 2 0
golang.binggl.net/monorepo/pkg/develop/livereload_websocket.go:65.3,68.20 4 0
golang.binggl.net/monorepo/pkg/develop/livereload_websocket.go:70.2,70.12 1 0
golang.binggl.net/monorepo/pkg/develop/livereload_websocket.go:70.12,72.17 2 0
golang.binggl.net/monorepo/pkg/develop/livereload_websocket.go:72.17,75.4 2 0
golang.binggl.net/monorepo/pkg/develop/livereload_websocket.go:77.2,80.12 2 0
golang.binggl.net/monorepo/pkg/develop/livereload_websocket.go:80.12,84.3 3 0
golang.binggl.net/monorepo/pkg/develop/livereload_websocket.go:88.34,91.2 2 0
golang.binggl.net/monorepo/pkg/develop/livereload_websocket.go:109.29,110.15 1 0
golang.binggl.net/monorepo/pkg/develop/livereload_websocket.go:110.15,113.3 2 0
golang.binggl.net/monorepo/pkg/develop/livereload_websocket.go:114.2,114.6 1 0
golang.binggl.net/monorepo/pkg/develop/livereload_websocket.go:114.6,116.17 2 0
golang.binggl.net/monorepo/pkg/develop/livereload_websocket.go:116.17,117.71 1 0
golang.binggl.net/monorepo/pkg/develop/livereload_websocket.go:117.71,119.5 1 0
golang.binggl.net/monorepo/pkg/develop/livereload_websocket.go:120.4,120.9 1 0
golang.binggl.net/monorepo/pkg/develop/livereload_websocket.go:126.54,129.2 2 0
golang.binggl.net/monorepo/pkg/develop/livereload_websocket.go:132.30,134.15 2 0
golang.binggl.net/monorepo/pkg/develop/livereload_websocket.go:134.15,137.3 2 0
golang.binggl.net/monorepo/pkg/develop/livereload_websocket.go:138.2,138.6 1 0
golang.binggl.net/monorepo/pkg/develop/livereload_websocket.go:138.6,139.10 1 0
golang.binggl.net/monorepo/pkg/develop/livereload_websocket.go:140.32,141.11 1 0
golang.binggl.net/monorepo/pkg/develop/livereload_websocket.go:141.11,145.5 2 0
golang.binggl.net/monorepo/pkg/develop/livereload_websocket.go:147.4,149.18 3 0
golang.binggl.net/monorepo/pkg/develop/livereload_websocket.go:149.18,151.5 1 0
golang.binggl.net/monorepo/pkg/develop/livereload_websocket.go:152.4,155.27 3 0
golang.binggl.net/monorepo/pkg/develop/livereload_websocket.go:155.27,158.5 2 0
golang.binggl.net/monorepo/pkg/develop/livereload_websocket.go:160.4,160.36 1 0
golang.binggl.net/monorepo/pkg/develop/livereload_websocket.go:160.36,162.5 1 0
golang.binggl.net/monorepo/pkg/develop/livereload_websocket.go:163.19,164.67 1 0
golang.binggl.net/monorepo/pkg/develop/livereload_websocket.go:164.67,166.5 1 0
golang.binggl.net/monorepo/pkg/develop/livereload_websocket.go:193.20,201.2 1 0
golang.binggl.net/monorepo/pkg/develop/livereload_websocket.go:203.21,204.6 1 0
golang.binggl.net/monorepo/pkg/develop/livereload_websocket.go:204.6,205.10 1 0
golang.binggl.net/monorepo/pkg/develop/livereload_websocket.go:206.31,208.26 2 0
golang.binggl.net/monorepo/pkg/develop/livereload_websocket.go:209.33,210.38 1 0
golang.binggl.net/monorepo/pkg/develop/livereload_websocket.go:210.38,213.5 2 0
golang.binggl.net/monorepo/pkg/develop/livereload_websocket.go:214.33,215.34 1 0
golang.binggl.net/monorepo/pkg/develop/livereload_websocket.go:215.34,216.12 1 0
golang.binggl.net/monorepo/pkg/develop/livereload_websocket.go:217.33,217.33 0 0
golang.binggl.net/monorepo/pkg/develop/livereload_websocket.go:218.13,220.31 2 0
golang.binggl.net/monorepo/pkg/develop/tokenhandler.go:19.51,20.54 1 0
golang.binggl.net/monorepo/pkg/develop/tokenhandler.go:20.54,21.34 1 0
golang.binggl.net/monorepo/pkg/develop/tokenhandler.go:21.34,24.4 2 0
golang.binggl.net/monorepo/pkg/develop/tokenhandler.go:26.3,34.23 5 0
golang.binggl.net/monorepo/pkg/develop/tokenhandler.go:38.27,59.2 9 0
golang.binggl.net/monorepo/pkg/develop/tokenhandler.go:61.46,63.13 2 0
golang.binggl.net/monorepo/pkg/develop/tokenhandler.go:63.13,65.3 1 0
golang.binggl.net/monorepo/pkg/develop/tokenhandler.go:66.2,66.10 1 0
golang.binggl.net/monorepo/pkg/persistence/connection.go:24.34,25.17 1 0
golang.binggl.net/monorepo/pkg/persistence/connection.go:25.17,27.3 1 0
golang.binggl.net/monorepo/pkg/persistence/connection.go:28.2,28.19 1 0
golang.binggl.net/monorepo/pkg/persistence/connection.go:28.19,29.52 1 0
golang.binggl.net/monorepo/pkg/persistence/connection.go:31.2,31.15 1 0
golang.binggl.net/monorepo/pkg/persistence/connection.go:36.34,37.17 1 0
golang.binggl.net/monorepo/pkg/persistence/connection.go:37.17,39.3 1 0
golang.binggl.net/monorepo/pkg/persistence/connection.go:40.2,40.20 1 0
golang.binggl.net/monorepo/pkg/persistence/connection.go:40.20,41.53 1 0
golang.binggl.net/monorepo/pkg/persistence/connection.go:43.2,43.16 1 0
golang.binggl.net/monorepo/pkg/persistence/connection.go:47.66,48.17 1 0
golang.binggl.net/monorepo/pkg/persistence/connection.go:48.17,50.3 1 0
golang.binggl.net/monorepo/pkg/persistence/connection.go:51.2,51.53 1 0
golang.binggl.net/monorepo/pkg/persistence/connection.go:51.53,57.3 1 0
golang.binggl.net/monorepo/pkg/persistence/sqlite.go:23.92,28.19 2 0
golang.binggl.net/monorepo/pkg/persistence/sqlite.go:28.19,30.3 1 0
golang.binggl.net/monorepo/pkg/persistence/sqlite.go:32.2,41.16 5 0
golang.binggl.net/monorepo/pkg/persistence/sqlite.go:41.16,43.3 1 0
golang.binggl.net/monorepo/pkg/persistence/sqlite.go:44.2,45.16 2 0
golang.binggl.net/monorepo/pkg/persistence/sqlite.go:45.16,47.3 1 0
golang.binggl.net/monorepo/pkg/persistence/sqlite.go:48.2,51.16 3 0
golang.binggl.net/monorepo/pkg/persistence/sqlite.go:51.16,53.3 1 0
golang.binggl.net/monorepo/pkg/persistence/sqlite.go:54.2,55.16 2 0
golang.binggl.net/monorepo/pkg/persistence/sqlite.go:55.16,57.3 1 0
golang.binggl.net/monorepo/pkg/persistence/sqlite.go:58.2,64.8 2 0
golang.binggl.net/monorepo/pkg/persistence/sqlite.go:67.44,69.13 2 0
golang.binggl.net/monorepo/pkg/persistence/sqlite.go:69.13,71.3 1 0
golang.binggl.net/monorepo/pkg/persistence/sqlite.go:73.2,74.17 2 0
golang.binggl.net/monorepo/pkg/persistence/sqlite.go:77.54,87.27 8 0
golang.binggl.net/monorepo/pkg/persistence/sqlite.go:87.27,88.33 1 0
golang.binggl.net/monorepo/pkg/persistence/sqlite.go:88.33,90.4 1 0
golang.binggl.net/monorepo/pkg/persistence/sqlite.go:90.9,92.4 1 0
golang.binggl.net/monorepo/pkg/persistence/sqlite.go:94.2,94.27 1 0
golang.binggl.net/monorepo/pkg/logging/logger.go:32.39,34.2 1 0
golang.binggl.net/monorepo/pkg/logging/logger.go:37.39,38.38 1 0
golang.binggl.net/monorepo/pkg/logging/logger.go:38.38,40.3 1 0
golang.binggl.net/monorepo/pkg/logging/logger.go:44.31,45.38 1 0
golang.binggl.net/monorepo/pkg/logging/logger.go:45.38,46.17 1 0
golang.binggl.net/monorepo/pkg/logging/logger.go:46.17,48.4 1 0
golang.binggl.net/monorepo/pkg/logging/logger.go:49.3,49.41 1 0
golang.binggl.net/monorepo/pkg/logging/logger.go:72.22,80.2 3 0
golang.binggl.net/monorepo/pkg/logging/logger.go:83.57,99.31 4 0
golang.binggl.net/monorepo/pkg/logging/logger.go:99.31,103.3 3 0
golang.binggl.net/monorepo/pkg/logging/logger.go:105.2,105.23 1 0
golang.binggl.net/monorepo/pkg/logging/logger.go:106.15,107.25 1 0
golang.binggl.net/monorepo/pkg/logging/logger.go:108.14,109.24 1 0
golang.binggl.net/monorepo/pkg/logging/logger.go:110.17,111.24 1 0
golang.binggl.net/monorepo/pkg/logging/logger.go:112.15,113.24 1 0
golang.binggl.net/monorepo/pkg/logging/logger.go:114.10,115.24 1 0
golang.binggl.net/monorepo/pkg/logging/logger.go:118.2,133.30 2 0
golang.binggl.net/monorepo/pkg/logging/logger.go:133.30,137.17 2 0
golang.binggl.net/monorepo/pkg/logging/logger.go:137.17,138.73 1 0
golang.binggl.net/monorepo/pkg/logging/logger.go:142.3,142.61 1 0
golang.binggl.net/monorepo/pkg/logging/logger.go:142.61,146.4 1 0
golang.binggl.net/monorepo/pkg/logging/logger.go:148.3,148.70 1 0
golang.binggl.net/monorepo/pkg/logging/logger.go:151.2,160.16 3 0
golang.binggl.net/monorepo/pkg/logging/logger.go:160.16,161.70 1 0
golang.binggl.net/monorepo/pkg/logging/logger.go:163.2,172.3 3 0
golang.binggl.net/monorepo/pkg/logging/logger.go:188.35,189.17 1 0
golang.binggl.net/monorepo/pkg/logging/logger.go:189.17,191.3 1 0
golang.binggl.net/monorepo/pkg/logging/logger.go:192.2,192.12 1 0
golang.binggl.net/monorepo/pkg/logging/logger.go:195.59,197.2 1 0
golang.binggl.net/monorepo/pkg/logging/logger.go:199.60,201.2 1 0
golang.binggl.net/monorepo/pkg/logging/logger.go:203.59,205.2 1 0
golang.binggl.net/monorepo/pkg/logging/logger.go:207.60,209.2 1 0
golang.binggl.net/monorepo/pkg/logging/logger.go:211.85,214.17 3 0
golang.binggl.net/monorepo/pkg/logging/logger.go:214.17,217.3 2 0
golang.binggl.net/monorepo/pkg/logging/logger.go:218.2,218.28 1 0
golang.binggl.net/monorepo/pkg/logging/logger.go:221.86,224.17 3 0
golang.binggl.net/monorepo/pkg/logging/logger.go:224.17,227.3 2 0
golang.binggl.net/monorepo/pkg/logging/logger.go:228.2,228.29 1 0
golang.binggl.net/monorepo/pkg/logging/logger.go:231.67,234.22 3 0
golang.binggl.net/monorepo/pkg/logging/logger.go:234.22,235.30 1 0
golang.binggl.net/monorepo/pkg/logging/logger.go:235.30,237.24 2 0
golang.binggl.net/monorepo/pkg/logging/logger.go:237.24,239.5 1 0
golang.binggl.net/monorepo/pkg/logging/logger.go:243.2,243.12 1 0
golang.binggl.net/monorepo/pkg/logging/logger.go:247.45,255.2 4 0
golang.binggl.net/monorepo/pkg/logging/logger.go:268.36,270.2 1 0
golang.binggl.net/monorepo/pkg/server/server.go:27.64,33.2 5 0
golang.binggl.net/monorepo/pkg/server/server.go:48.38,51.12 3 0
golang.binggl.net/monorepo/pkg/server/server.go:51.12,53.67 2 0
golang.binggl.net/monorepo/pkg/server/server.go:53.67,55.4 1 0
golang.binggl.net/monorepo/pkg/server/server.go:57.2,57.53 1 0
golang.binggl.net/monorepo/pkg/server/server.go:61.83,69.40 7 0
golang.binggl.net/monorepo/pkg/server/server.go:69.40,71.3 1 0
golang.binggl.net/monorepo/pkg/server/server.go:72.2,73.12 2 0
golang.binggl.net/monorepo/pkg/server/server.go:77.95,86.56 7 0
golang.binggl.net/monorepo/pkg/server/server.go:86.56,87.64 1 0
golang.binggl.net/monorepo/pkg/server/server.go:90.2,102.41 11 0
golang.binggl.net/monorepo/pkg/server/server.go:102.41,103.75 1 0
golang.binggl.net/monorepo/pkg/server/server.go:105.2,106.40 2 0
golang.binggl.net/monorepo/pkg/server/server.go:106.40,107.81 1 0
golang.binggl.net/monorepo/pkg/server/server.go:109.2,110.8 2 0
golang.binggl.net/monorepo/pkg/server/server.go:114.177,137.27 10 0
golang.binggl.net/monorepo/pkg/server/server.go:137.27,141.3 2 0
golang.binggl.net/monorepo/pkg/server/server.go:142.2,142.10 1 0
golang.binggl.net/monorepo/pkg/server/server.go:146.149,163.2 3 0
golang.binggl.net/monorepo/internal/bookmarks/app/favicon/fetchicon.go:34.65,42.63 2 8
golang.binggl.net/monorepo/internal/bookmarks/app/favicon/fetchicon.go:42.63,44.3 1 1
golang.binggl.net/monorepo/internal/bookmarks/app/favicon/fetchicon.go:46.2,46.64 1 7
golang.binggl.net/monorepo/internal/bookmarks/app/favicon/fetchicon.go:46.64,50.63 2 2
golang.binggl.net/monorepo/internal/bookmarks/app/favicon/fetchicon.go:50.63,53.4 2 0
golang.binggl.net/monorepo/internal/bookmarks/app/favicon/fetchicon.go:54.3,58.9 1 2
golang.binggl.net/monorepo/internal/bookmarks/app/favicon/fetchicon.go:66.2,66.38 1 5
golang.binggl.net/monorepo/internal/bookmarks/app/favicon/fetchicon.go:66.38,68.3 1 1
golang.binggl.net/monorepo/internal/bookmarks/app/favicon/fetchicon.go:68.8,68.44 1 4
golang.binggl.net/monorepo/internal/bookmarks/app/favicon/fetchicon.go:68.44,70.3 1 2
golang.binggl.net/monorepo/internal/bookmarks/app/favicon/fetchicon.go:70.8,70.45 1 2
golang.binggl.net/monorepo/internal/bookmarks/app/favicon/fetchicon.go:70.45,74.3 2 1
golang.binggl.net/monorepo/internal/bookmarks/app/favicon/fetchicon.go:74.8,74.48 1 1
golang.binggl.net/monorepo/internal/bookmarks/app/favicon/fetchicon.go:74.48,78.3 1 1
golang.binggl.net/monorepo/internal/bookmarks/app/favicon/fetchicon.go:80.2,80.62 1 5
golang.binggl.net/monorepo/internal/bookmarks/app/favicon/fetchicon.go:80.62,83.3 2 1
golang.binggl.net/monorepo/internal/bookmarks/app/favicon/fetchicon.go:84.2,84.8 1 4
golang.binggl.net/monorepo/internal/bookmarks/app/favicon/fetchicon.go:88.60,90.16 2 17
golang.binggl.net/monorepo/internal/bookmarks/app/favicon/fetchicon.go:90.16,92.3 1 0
golang.binggl.net/monorepo/internal/bookmarks/app/favicon/fetchicon.go:93.2,95.30 2 17
golang.binggl.net/monorepo/internal/bookmarks/app/favicon/fetchicon.go:95.30,97.3 1 9
golang.binggl.net/monorepo/internal/bookmarks/app/favicon/fetchicon.go:99.2,100.16 2 17
golang.binggl.net/monorepo/internal/bookmarks/app/favicon/fetchicon.go:100.16,102.3 1 0
golang.binggl.net/monorepo/internal/bookmarks/app/favicon/fetchicon.go:103.2,104.28 2 17
golang.binggl.net/monorepo/internal/bookmarks/app/favicon/fetchicon.go:104.28,106.3 1 2
golang.binggl.net/monorepo/internal/bookmarks/app/favicon/fetchicon.go:107.2,108.24 2 15
golang.binggl.net/monorepo/internal/bookmarks/app/favicon/fetchicon.go:108.24,109.45 1 9
golang.binggl.net/monorepo/internal/bookmarks/app/favicon/fetchicon.go:109.45,111.4 1 1
golang.binggl.net/monorepo/internal/bookmarks/app/favicon/fetchicon.go:113.2,114.16 2 14
golang.binggl.net/monorepo/internal/bookmarks/app/favicon/fetchicon.go:114.16,116.3 1 0
golang.binggl.net/monorepo/internal/bookmarks/app/favicon/fetchicon.go:117.2,117.20 1 14
golang.binggl.net/monorepo/internal/bookmarks/app/favicon/fetchicon.go:117.20,120.23 2 7
golang.binggl.net/monorepo/internal/bookmarks/app/favicon/fetchicon.go:120.23,122.68 2 1
golang.binggl.net/monorepo/internal/bookmarks/app/favicon/fetchicon.go:122.68,124.5 1 1
golang.binggl.net/monorepo/internal/bookmarks/app/favicon/fetchicon.go:126.3,126.21 1 7
golang.binggl.net/monorepo/internal/bookmarks/app/favicon/fetchicon.go:126.21,128.4 1 6
golang.binggl.net/monorepo/internal/bookmarks/app/favicon/fetchicon.go:131.2,135.8 1 14
golang.binggl.net/monorepo/internal/bookmarks/app/favicon/fetchicon.go:138.72,141.16 3 8
golang.binggl.net/monorepo/internal/bookmarks/app/favicon/fetchicon.go:141.16,143.3 1 1
golang.binggl.net/monorepo/internal/bookmarks/app/favicon/fetchicon.go:144.2,145.83 2 7
golang.binggl.net/monorepo/internal/bookmarks/app/favicon/fetchicon.go:145.83,148.3 2 1
golang.binggl.net/monorepo/internal/bookmarks/app/favicon/fetchicon.go:150.2,150.114 1 7
golang.binggl.net/monorepo/internal/bookmarks/app/favicon/fetchicon.go:153.80,158.53 2 7
golang.binggl.net/monorepo/internal/bookmarks/app/favicon/fetchicon.go:158.53,160.3 1 1
golang.binggl.net/monorepo/internal/bookmarks/app/favicon/fetchicon.go:161.2,161.68 1 6
golang.binggl.net/monorepo/internal/bookmarks/app/favicon/fetchicon.go:161.68,163.3 1 1
golang.binggl.net/monorepo/internal/bookmarks/app/favicon/fetchicon.go:165.2,167.31 3 5
golang.binggl.net/monorepo/internal/bookmarks/app/favicon/fetchicon.go:170.57,176.16 3 6
golang.binggl.net/monorepo/internal/bookmarks/app/favicon/fetchicon.go:176.16,178.3 1 4
golang.binggl.net/monorepo/internal/bookmarks/app/favicon/fetchicon.go:179.2,179.21 1 6
golang.binggl.net/monorepo/internal/bookmarks/app/favicon/fetchicon.go:182.74,191.16 3 10
golang.binggl.net/monorepo/internal/bookmarks/app/favicon/fetchicon.go:191.16,193.3 1 0
golang.binggl.net/monorepo/internal/bookmarks/app/favicon/fetchicon.go:195.2,195.107 1 10
golang.binggl.net/monorepo/internal/bookmarks/app/favicon/fetchicon.go:195.107,198.3 2 5
golang.binggl.net/monorepo/internal/bookmarks/app/favicon/fetchicon.go:199.2,199.26 1 10
golang.binggl.net/monorepo/internal/bookmarks/app/favicon/fetchicon.go:199.26,201.3 1 5
golang.binggl.net/monorepo/internal/bookmarks/app/favicon/fetchicon.go:202.2,202.21 1 5
golang.binggl.net/monorepo/internal/bookmarks/app/favicon/resize_image.go:27.62,28.22 1 8
golang.binggl.net/monorepo/internal/bookmarks/app/favicon/resize_image.go:28.22,30.3 1 1
golang.binggl.net/monorepo/internal/bookmarks/app/favicon/resize_image.go:31.2,31.20 1 7
golang.binggl.net/monorepo/internal/bookmarks/app/favicon/resize_image.go:31.20,33.3 1 2
golang.binggl.net/monorepo/internal/bookmarks/app/favicon/resize_image.go:35.2,36.24 2 5
golang.binggl.net/monorepo/internal/bookmarks/app/favicon/resize_image.go:36.24,38.3 1 1
golang.binggl.net/monorepo/internal/bookmarks/app/favicon/resize_image.go:40.2,41.16 2 4
golang.binggl.net/monorepo/internal/bookmarks/app/favicon/resize_image.go:41.16,43.3 1 0
golang.binggl.net/monorepo/internal/bookmarks/app/favicon/resize_image.go:45.2,48.36 3 4
golang.binggl.net/monorepo/internal/bookmarks/app/favicon/resize_image.go:48.36,52.20 2 2
golang.binggl.net/monorepo/internal/bookmarks/app/favicon/resize_image.go:52.20,55.4 1 1
golang.binggl.net/monorepo/internal/bookmarks/app/favicon/resize_image.go:56.3,56.20 1 2
golang.binggl.net/monorepo/internal/bookmarks/app/favicon/resize_image.go:56.20,59.4 1 1
golang.binggl.net/monorepo/internal/bookmarks/app/favicon/resize_image.go:62.2,66.52 4 4
golang.binggl.net/monorepo/internal/bookmarks/app/favicon/resize_image.go:66.52,68.3 1 0
golang.binggl.net/monorepo/internal/bookmarks/app/favicon/resize_image.go:70.2,74.8 1 4
golang.binggl.net/monorepo/internal/bookmarks/app/favicon/resize_image.go:77.71,82.19 2 4
golang.binggl.net/monorepo/internal/bookmarks/app/favicon/resize_image.go:83.11,85.45 2 3
golang.binggl.net/monorepo/internal/bookmarks/app/favicon/resize_image.go:85.45,87.4 1 0
golang.binggl.net/monorepo/internal/bookmarks/app/favicon/resize_image.go:88.3,88.18 1 3
golang.binggl.net/monorepo/internal/bookmarks/app/favicon/resize_image.go:89.12,91.46 2 1
golang.binggl.net/monorepo/internal/bookmarks/app/favicon/resize_image.go:91.46,93.4 1 0
golang.binggl.net/monorepo/internal/bookmarks/app/favicon/resize_image.go:94.3,94.18 1 1
golang.binggl.net/monorepo/internal/bookmarks/app/favicon/resize_image.go:96.2,96.57 1 0
golang.binggl.net/monorepo/internal/bookmarks/app/favicon/resize_image.go:99.48,101.26 2 5
golang.binggl.net/monorepo/internal/bookmarks/app/favicon/resize_image.go:102.19,103.13 1 3
golang.binggl.net/monorepo/internal/bookmarks/app/favicon/resize_image.go:104.20,105.14 1 1
golang.binggl.net/monorepo/internal/bookmarks/app/favicon/resize_image.go:108.2,108.16 1 1
golang.binggl.net/monorepo/internal/bookmarks/app/favicon/resize_image.go:108.16,111.14 2 1
golang.binggl.net/monorepo/internal/bookmarks/app/favicon/resize_image.go:112.15,113.14 1 0
golang.binggl.net/monorepo/internal/bookmarks/app/favicon/resize_image.go:114.15,115.15 1 0
golang.binggl.net/monorepo/internal/bookmarks/app/favicon/resize_image.go:116.16,117.15 1 0
golang.binggl.net/monorepo/internal/bookmarks/app/favicon/resize_image.go:120.2,120.14 1 1
golang.binggl.net/monorepo/internal/bookmarks/app/favicon/resize_image.go:123.74,124.19 1 4
golang.binggl.net/monorepo/internal/bookmarks/app/favicon/resize_image.go:125.11,126.32 1 3
golang.binggl.net/monorepo/internal/bookmarks/app/favicon/resize_image.go:127.12,128.78 1 1
golang.binggl.net/monorepo/internal/bookmarks/app/favicon/resize_image.go:130.2,130.52 1 0
golang.binggl.net/monorepo/internal/core/app/sites/sites.go:29.65,34.2 1 4
golang.binggl.net/monorepo/internal/core/app/sites/sites.go:47.78,49.16 2 3
golang.binggl.net/monorepo/internal/core/app/sites/sites.go:49.16,51.3 1 0
golang.binggl.net/monorepo/internal/core/app/sites/sites.go:53.2,58.26 2 3
golang.binggl.net/monorepo/internal/core/app/sites/sites.go:58.26,65.3 2 2
golang.binggl.net/monorepo/internal/core/app/sites/sites.go:66.2,66.15 1 3
golang.binggl.net/monorepo/internal/core/app/sites/sites.go:69.90,70.33 1 3
golang.binggl.net/monorepo/internal/core/app/sites/sites.go:70.33,72.3 1 1
golang.binggl.net/monorepo/internal/core/app/sites/sites.go:73.2,74.16 2 2
golang.binggl.net/monorepo/internal/core/app/sites/sites.go:74.16,76.3 1 0
golang.binggl.net/monorepo/internal/core/app/sites/sites.go:77.2,77.19 1 2
golang.binggl.net/monorepo/internal/core/app/sites/sites.go:80.83,82.33 2 3
golang.binggl.net/monorepo/internal/core/app/sites/sites.go:82.33,84.3 1 1
golang.binggl.net/monorepo/internal/core/app/sites/sites.go:85.2,85.27 1 2
golang.binggl.net/monorepo/internal/core/app/sites/sites.go:85.27,87.3 1 1
golang.binggl.net/monorepo/internal/core/app/sites/sites.go:88.2,88.32 1 1
golang.binggl.net/monorepo/internal/core/app/sites/sites.go:88.32,95.3 1 1
golang.binggl.net/monorepo/internal/core/app/sites/sites.go:96.2,96.63 1 1
golang.binggl.net/monorepo/internal/core/app/sites/sites.go:96.63,98.3 1 1
golang.binggl.net/monorepo/internal/core/app/sites/sites.go:99.2,99.16 1 1
golang.binggl.net/monorepo/internal/core/app/sites/sites.go:99.16,101.3 1 0
golang.binggl.net/monorepo/internal/core/app/sites/sites.go:102.2,102.12 1 1
golang.binggl.net/monorepo/internal/core/app/sites/sites.go:106.52,107.31 1 9
golang.binggl.net/monorepo/internal/core/app/sites/sites.go:107.31,108.16 1 8
golang.binggl.net/monorepo/internal/core/app/sites/sites.go:108.16,110.4 1 5
golang.binggl.net/monorepo/internal/core/app/sites/sites.go:112.2,112.14 1 4
golang.binggl.net/monorepo/pkg/logging/logger.go:32.39,34.2 1 0
golang.binggl.net/monorepo/pkg/logging/logger.go:37.39,38.38 1 0
golang.binggl.net/monorepo/pkg/logging/logger.go:38.38,40.3 1 0
golang.binggl.net/monorepo/pkg/logging/logger.go:44.31,45.38 1 0
golang.binggl.net/monorepo/pkg/logging/logger.go:45.38,46.17 1 0
golang.binggl.net/monorepo/pkg/logging/logger.go:46.17,48.4 1 0
golang.binggl.net/monorepo/pkg/logging/logger.go:49.3,49.41 1 0
golang.binggl.net/monorepo/pkg/logging/logger.go:72.22,80.2 3 0
golang.binggl.net/monorepo/pkg/logging/logger.go:83.57,99.31 4 0
golang.binggl.net/monorepo/pkg/logging/logger.go:99.31,103.3 3 0
golang.binggl.net/monorepo/pkg/logging/logger.go:105.2,105.23 1 0
golang.binggl.net/monorepo/pkg/logging/logger.go:106.15,107.25 1 0
golang.binggl.net/monorepo/pkg/logging/logger.go:108.14,109.24 1 0
golang.binggl.net/monorepo/pkg/logging/logger.go:110.17,111.24 1 0
golang.binggl.net/monorepo/pkg/logging/logger.go:112.15,113.24 1 0
golang.binggl.net/monorepo/pkg/logging/logger.go:114.10,115.24 1 0
golang.binggl.net/monorepo/pkg/logging/logger.go:118.2,133.30 2 0
golang.binggl.net/monorepo/pkg/logging/logger.go:133.30,137.17 2 0
golang.binggl.net/monorepo/pkg/logging/logger.go:137.17,138.73 1 0
golang.binggl.net/monorepo/pkg/logging/logger.go:142.3,142.61 1 0
golang.binggl.net/monorepo/pkg/logging/logger.go:142.61,146.4 1 0
golang.binggl.net/monorepo/pkg/logging/logger.go:148.3,148.70 1 0
golang.binggl.net/monorepo/pkg/logging/logger.go:151.2,160.16 3 0
golang.binggl.net/monorepo/pkg/logging/logger.go:160.16,161.70 1 0
golang.binggl.net/monorepo/pkg/logging/logger.go:163.2,172.3 3 0
golang.binggl.net/monorepo/pkg/logging/logger.go:188.35,189.17 1 0
golang.binggl.net/monorepo/pkg/logging/logger.go:189.17,191.3 1 0
golang.binggl.net/monorepo/pkg/logging/logger.go:192.2,192.12 1 0
golang.binggl.net/monorepo/pkg/logging/logger.go:195.59,197.2 1 0
golang.binggl.net/monorepo/pkg/logging/logger.go:199.60,201.2 1 0
golang.binggl.net/monorepo/pkg/logging/logger.go:203.59,205.2 1 0
golang.binggl.net/monorepo/pkg/logging/logger.go:207.60,209.2 1 0
golang.binggl.net/monorepo/pkg/logging/logger.go:211.85,214.17 3 0
golang.binggl.net/monorepo/pkg/logging/logger.go:214.17,217.3 2 0
golang.binggl.net/monorepo/pkg/logging/logger.go:218.2,218.28 1 0
golang.binggl.net/monorepo/pkg/logging/logger.go:221.86,224.17 3 0
golang.binggl.net/monorepo/pkg/logging/logger.go:224.17,227.3 2 0
golang.binggl.net/monorepo/pkg/logging/logger.go:228.2,228.29 1 0
golang.binggl.net/monorepo/pkg/logging/logger.go:231.67,234.22 3 0
golang.binggl.net/monorepo/pkg/logging/logger.go:234.22,235.30 1 0
golang.binggl.net/monorepo/pkg/logging/logger.go:235.30,237.24 2 0
golang.binggl.net/monorepo/pkg/logging/logger.go:237.24,239.5 1 0
golang.binggl.net/monorepo/pkg/logging/logger.go:243.2,243.12 1 0
golang.binggl.net/monorepo/pkg/logging/logger.go:247.45,255.2 4 0
golang.binggl.net/monorepo/pkg/logging/logger.go:268.36,270.2 1 0
golang.binggl.net/monorepo/pkg/persistence/connection.go:24.34,25.17 1 0
golang.binggl.net/monorepo/pkg/persistence/connection.go:25.17,27.3 1 0
golang.binggl.net/monorepo/pkg/persistence/connection.go:28.2,28.19 1 0
golang.binggl.net/monorepo/pkg/persistence/connection.go:28.19,29.52 1 0
golang.binggl.net/monorepo/pkg/persistence/connection.go:31.2,31.15 1 0
golang.binggl.net/monorepo/pkg/persistence/connection.go:36.34,37.17 1 0
golang.binggl.net/monorepo/pkg/persistence/connection.go:37.17,39.3 1 0
golang.binggl.net/monorepo/pkg/persistence/connection.go:40.2,40.20 1 0
golang.binggl.net/monorepo/pkg/persistence/connection.go:40.20,41.53 1 0
golang.binggl.net/monorepo/pkg/persistence/connection.go:43.2,43.16 1 0
golang.binggl.net/monorepo/pkg/persistence/connection.go:47.66,48.17 1 0
golang.binggl.net/monorepo/pkg/persistence/connection.go:48.17,50.3 1 0
golang.binggl.net/monorepo/pkg/persistence/connection.go:51.2,51.53 1 0
golang.binggl.net/monorepo/pkg/persistence/connection.go:51.53,57.3 1 0
golang.binggl.net/monorepo/pkg/persistence/sqlite.go:23.92,28.19 2 0
golang.binggl.net/monorepo/pkg/persistence/sqlite.go:28.19,30.3 1 0
golang.binggl.net/monorepo/pkg/persistence/sqlite.go:32.2,41.16 5 0
golang.binggl.net/monorepo/pkg/persistence/sqlite.go:41.16,43.3 1 0
golang.binggl.net/monorepo/pkg/persistence/sqlite.go:44.2,45.16 2 0
golang.binggl.net/monorepo/pkg/persistence/sqlite.go:45.16,47.3 1 0
golang.binggl.net/monorepo/pkg/persistence/sqlite.go:48.2,51.16 3 0
golang.binggl.net/monorepo/pkg/persistence/sqlite.go:51.16,53.3 1 0
golang.binggl.net/monorepo/pkg/persistence/sqlite.go:54.2,55.16 2 0
golang.binggl.net/monorepo/pkg/persistence/sqlite.go:55.16,57.3 1 0
golang.binggl.net/monorepo/pkg/persistence/sqlite.go:58.2,64.8 2 0
golang.binggl.net/monorepo/pkg/persistence/sqlite.go:67.44,69.13 2 0
golang.binggl.net/monorepo/pkg/persistence/sqlite.go:69.13,71.3 1 0
golang.binggl.net/monorepo/pkg/persistence/sqlite.go:73.2,74.17 2 0
golang.binggl.net/monorepo/pkg/persistence/sqlite.go:77.54,87.27 8 0
golang.binggl.net/monorepo/pkg/persistence/sqlite.go:87.27,88.33 1 0
golang.binggl.net/monorepo/pkg/persistence/sqlite.go:88.33,90.4 1 0
golang.binggl.net/monorepo/pkg/persistence/sqlite.go:90.9,92.4 1 0
golang.binggl.net/monorepo/pkg/persistence/sqlite.go:94.2,94.27 1 0
golang.binggl.net/monorepo/internal/core/app/store/db_repository.go:14.59,18.2 1 7
golang.binggl.net/monorepo/internal/core/app/store/db_repository.go:24.79,28.2 3 5
golang.binggl.net/monorepo/internal/core/app/store/db_repository.go:30.71,34.2 3 1
golang.binggl.net/monorepo/internal/core/app/store/db_repository.go:36.77,41.20 2 8
golang.binggl.net/monorepo/internal/core/app/store/db_repository.go:41.20,43.3 1 1
golang.binggl.net/monorepo/internal/core/app/store/db_repository.go:45.2,46.20 2 7
golang.binggl.net/monorepo/internal/core/app/store/db_repository.go:46.20,48.3 1 1
golang.binggl.net/monorepo/internal/core/app/store/db_repository.go:49.2,49.41 1 6
golang.binggl.net/monorepo/internal/core/app/store/db_repository.go:49.41,52.3 2 1
golang.binggl.net/monorepo/internal/core/app/store/db_repository.go:53.2,53.12 1 5
golang.binggl.net/monorepo/internal/core/app/store/db_repository.go:56.79,57.60 1 2
golang.binggl.net/monorepo/internal/core/app/store/db_repository.go:57.60,60.3 2 2
golang.binggl.net/monorepo/internal/core/app/store/entities.go:21.41,23.2 1 2
golang.binggl.net/monorepo/internal/core/app/store/entities.go:26.42,28.2 1 9
golang.binggl.net/monorepo/internal/core/app/store/repository_mock.go:13.60,18.2 1 3
golang.binggl.net/monorepo/internal/core/app/store/repository_mock.go:20.75,21.32 1 2
golang.binggl.net/monorepo/internal/core/app/store/repository_mock.go:21.32,23.3 1 1
golang.binggl.net/monorepo/internal/core/app/store/repository_mock.go:24.2,24.39 1 1
golang.binggl.net/monorepo/internal/core/app/store/repository_mock.go:27.67,30.32 3 2
golang.binggl.net/monorepo/internal/core/app/store/repository_mock.go:30.32,31.27 1 4
golang.binggl.net/monorepo/internal/core/app/store/repository_mock.go:31.27,32.22 1 6
golang.binggl.net/monorepo/internal/core/app/store/repository_mock.go:32.22,33.41 1 2
golang.binggl.net/monorepo/internal/core/app/store/repository_mock.go:33.41,36.6 2 2
golang.binggl.net/monorepo/internal/core/app/store/repository_mock.go:40.2,40.21 1 2
golang.binggl.net/monorepo/internal/core/app/store/repository_mock.go:40.21,42.3 1 1
golang.binggl.net/monorepo/internal/core/app/store/repository_mock.go:43.2,43.19 1 2
golang.binggl.net/monorepo/internal/core/app/store/repository_mock.go:46.73,50.2 3 1
golang.binggl.net/monorepo/internal/core/app/store/repository_mock.go:52.75,54.2 1 0
golang.binggl.net/monorepo/pkg/persistence/connection.go:24.34,25.17 1 14
golang.binggl.net/monorepo/pkg/persistence/connection.go:25.17,27.3 1 4
golang.binggl.net/monorepo/pkg/persistence/connection.go:28.2,28.19 1 10
golang.binggl.net/monorepo/pkg/persistence/connection.go:28.19,29.52 1 0
golang.binggl.net/monorepo/pkg/persistence/connection.go:31.2,31.15 1 10
golang.binggl.net/monorepo/pkg/persistence/connection.go:36.34,37.17 1 7
golang.binggl.net/monorepo/pkg/persistence/connection.go:37.17,39.3 1 2
golang.binggl.net/monorepo/pkg/persistence/connection.go:40.2,40.20 1 5
golang.binggl.net/monorepo/pkg/persistence/connection.go:40.20,41.53 1 0
golang.binggl.net/monorepo/pkg/persistence/connection.go:43.2,43.16 1 5
golang.binggl.net/monorepo/pkg/persistence/connection.go:47.66,48.17 1 2
golang.binggl.net/monorepo/pkg/persistence/connection.go:48.17,50.3 1 0
golang.binggl.net/monorepo/pkg/persistence/connection.go:51.2,51.53 1 2
golang.binggl.net/monorepo/pkg/persistence/connection.go:51.53,57.3 1 2
golang.binggl.net/monorepo/pkg/persistence/sqlite.go:23.92,28.19 2 4
golang.binggl.net/monorepo/pkg/persistence/sqlite.go:28.19,30.3 1 0
golang.binggl.net/monorepo/pkg/persistence/sqlite.go:32.2,41.16 5 4
golang.binggl.net/monorepo/pkg/persistence/sqlite.go:41.16,43.3 1 0
golang.binggl.net/monorepo/pkg/persistence/sqlite.go:44.2,45.16 2 4
golang.binggl.net/monorepo/pkg/persistence/sqlite.go:45.16,47.3 1 0
golang.binggl.net/monorepo/pkg/persistence/sqlite.go:48.2,51.16 3 4
golang.binggl.net/monorepo/pkg/persistence/sqlite.go:51.16,53.3 1 0
golang.binggl.net/monorepo/pkg/persistence/sqlite.go:54.2,55.16 2 4
golang.binggl.net/monorepo/pkg/persistence/sqlite.go:55.16,57.3 1 0
golang.binggl.net/monorepo/pkg/persistence/sqlite.go:58.2,64.8 2 4
golang.binggl.net/monorepo/pkg/persistence/sqlite.go:67.44,69.13 2 4
golang.binggl.net/monorepo/pkg/persistence/sqlite.go:69.13,71.3 1 4
golang.binggl.net/monorepo/pkg/persistence/sqlite.go:73.2,74.17 2 0
golang.binggl.net/monorepo/pkg/persistence/sqlite.go:77.54,87.27 8 4
golang.binggl.net/monorepo/pkg/persistence/sqlite.go:87.27,88.33 1 0
golang.binggl.net/monorepo/pkg/persistence/sqlite.go:88.33,90.4 1 0
golang.binggl.net/monorepo/pkg/persistence/sqlite.go:90.9,92.4 1 0
golang.binggl.net/monorepo/pkg/persistence/sqlite.go:94.2,94.27 1 4
golang.binggl.net/monorepo/internal/common/pages.go:31.136,34.34 3 0
golang.binggl.net/monorepo/internal/common/pages.go:34.34,35.23 1 0
golang.binggl.net/monorepo/internal/common/pages.go:35.23,38.4 2 0
golang.binggl.net/monorepo/internal/common/pages.go:39.3,39.112 1 0
golang.binggl.net/monorepo/internal/common/pages.go:41.2,41.21 1 0
golang.binggl.net/monorepo/internal/common/pages.go:41.21,43.3 1 0
golang.binggl.net/monorepo/internal/common/pages.go:44.2,53.25 3 0
golang.binggl.net/monorepo/internal/common/pages.go:53.25,55.3 1 0
golang.binggl.net/monorepo/internal/common/pages.go:56.2,56.14 1 0
golang.binggl.net/monorepo/internal/common/pages.go:60.33,66.2 1 0
golang.binggl.net/monorepo/internal/common/pages.go:69.66,70.17 1 0
golang.binggl.net/monorepo/internal/common/pages.go:70.17,72.3 1 0
golang.binggl.net/monorepo/internal/common/pages.go:73.2,73.25 1 0
golang.binggl.net/monorepo/internal/common/pages.go:73.25,75.3 1 0
golang.binggl.net/monorepo/internal/common/pages.go:76.2,76.35 1 0
golang.binggl.net/monorepo/internal/common/pages.go:80.49,81.17 1 0
golang.binggl.net/monorepo/internal/common/pages.go:81.17,83.3 1 0
golang.binggl.net/monorepo/internal/common/pages.go:84.2,84.25 1 0
golang.binggl.net/monorepo/internal/common/pages.go:84.25,86.3 1 0
golang.binggl.net/monorepo/internal/common/pages.go:87.2,87.23 1 0
golang.binggl.net/monorepo/internal/common/toast.go:23.49,25.2 1 0
golang.binggl.net/monorepo/internal/common/toast.go:27.47,29.2 1 0
golang.binggl.net/monorepo/internal/common/toast.go:31.64,40.2 2 0
golang.binggl.net/monorepo/internal/common/toast.go:42.33,44.16 2 0
golang.binggl.net/monorepo/internal/common/toast.go:44.16,45.57 1 0
golang.binggl.net/monorepo/internal/common/toast.go:47.2,47.24 1 0
golang.binggl.net/monorepo/internal/common/user.go:9.49,11.24 2 0
golang.binggl.net/monorepo/internal/common/user.go:11.24,12.55 1 0
golang.binggl.net/monorepo/internal/common/user.go:14.2,14.13 1 0
golang.binggl.net/monorepo/internal/core/router.go:32.128,60.51 4 11
golang.binggl.net/monorepo/internal/core/router.go:60.51,66.3 2 0
golang.binggl.net/monorepo/internal/core/router.go:71.2,74.41 2 11
golang.binggl.net/monorepo/internal/core/router.go:74.41,81.3 6 11
golang.binggl.net/monorepo/internal/core/router.go:83.2,86.42 2 11
golang.binggl.net/monorepo/internal/core/router.go:86.42,92.3 5 11
golang.binggl.net/monorepo/internal/core/router.go:95.2,95.62 1 11
golang.binggl.net/monorepo/internal/core/router.go:95.62,97.3 1 0
golang.binggl.net/monorepo/internal/core/router.go:99.2,101.12 2 11
golang.binggl.net/monorepo/internal/core/router.go:104.111,134.2 7 11
golang.binggl.net/monorepo/internal/core/server.go:19.48,29.16 5 0
golang.binggl.net/monorepo/internal/core/server.go:29.16,30.67 1 0
golang.binggl.net/monorepo/internal/core/server.go:33.2,48.46 2 0
golang.binggl.net/monorepo/internal/core/server.go:48.46,51.3 2 0
golang.binggl.net/monorepo/internal/core/server.go:53.2,62.4 1 0
golang.binggl.net/monorepo/internal/core/server.go:65.51,75.2 1 0
golang.binggl.net/monorepo/internal/core/api/api.go:15.75,16.16 1 6
golang.binggl.net/monorepo/internal/core/api/api.go:16.16,17.38 1 0
golang.binggl.net/monorepo/internal/core/api/api.go:20.2,27.34 3 6
golang.binggl.net/monorepo/internal/core/api/api.go:27.34,34.3 1 0
golang.binggl.net/monorepo/internal/core/api/api.go:34.8,34.43 1 6
golang.binggl.net/monorepo/internal/core/api/api.go:34.43,41.3 1 4
golang.binggl.net/monorepo/internal/core/api/api.go:41.8,41.41 1 2
golang.binggl.net/monorepo/internal/core/api/api.go:41.41,48.3 1 0
golang.binggl.net/monorepo/internal/core/api/api.go:48.8,55.3 1 2
golang.binggl.net/monorepo/internal/core/api/api.go:56.2,56.33 1 6
golang.binggl.net/monorepo/internal/core/api/api.go:59.69,62.2 2 0
golang.binggl.net/monorepo/internal/core/api/api.go:64.95,68.16 4 6
golang.binggl.net/monorepo/internal/core/api/api.go:68.16,70.3 1 0
golang.binggl.net/monorepo/internal/core/api/api.go:71.2,72.16 2 6
golang.binggl.net/monorepo/internal/core/api/api.go:72.16,74.3 1 0
golang.binggl.net/monorepo/internal/core/api/api.go:77.54,79.29 2 12
golang.binggl.net/monorepo/internal/core/api/api.go:79.29,81.3 1 10
golang.binggl.net/monorepo/internal/core/api/api.go:82.2,82.16 1 2
golang.binggl.net/monorepo/internal/core/api/api.go:85.49,87.24 2 0
golang.binggl.net/monorepo/internal/core/api/api.go:87.24,88.55 1 0
golang.binggl.net/monorepo/internal/core/api/api.go:90.2,90.13 1 0
golang.binggl.net/monorepo/internal/core/api/oidchandler.go:35.67,36.54 1 11
golang.binggl.net/monorepo/internal/core/api/oidchandler.go:36.54,41.3 4 1
golang.binggl.net/monorepo/internal/core/api/oidchandler.go:47.66,48.54 1 11
golang.binggl.net/monorepo/internal/core/api/oidchandler.go:48.54,51.18 3 3
golang.binggl.net/monorepo/internal/core/api/oidchandler.go:51.18,54.4 2 1
golang.binggl.net/monorepo/internal/core/api/oidchandler.go:55.3,56.17 2 2
golang.binggl.net/monorepo/internal/core/api/oidchandler.go:56.17,59.4 2 1
golang.binggl.net/monorepo/internal/core/api/oidchandler.go:60.3,60.57 1 1
golang.binggl.net/monorepo/internal/core/api/oidchandler.go:68.98,69.54 1 11
golang.binggl.net/monorepo/internal/core/api/oidchandler.go:69.54,82.18 4 5
golang.binggl.net/monorepo/internal/core/api/oidchandler.go:82.18,85.4 2 1
golang.binggl.net/monorepo/internal/core/api/oidchandler.go:87.3,94.23 5 4
golang.binggl.net/monorepo/internal/core/api/oidchandler.go:94.23,97.23 2 2
golang.binggl.net/monorepo/internal/core/api/oidchandler.go:97.23,100.5 2 1
golang.binggl.net/monorepo/internal/core/api/oidchandler.go:102.4,107.36 5 1
golang.binggl.net/monorepo/internal/core/api/oidchandler.go:108.9,112.4 1 2
golang.binggl.net/monorepo/internal/core/api/oidchandler.go:114.3,114.17 1 3
golang.binggl.net/monorepo/internal/core/api/oidchandler.go:114.17,117.4 2 1
golang.binggl.net/monorepo/internal/core/api/oidchandler.go:119.3,119.18 1 2
golang.binggl.net/monorepo/internal/core/api/oidchandler.go:119.18,123.4 3 0
golang.binggl.net/monorepo/internal/core/api/oidchandler.go:124.3,135.57 5 2
golang.binggl.net/monorepo/internal/core/api/oidchandler.go:143.56,144.54 1 11
golang.binggl.net/monorepo/internal/core/api/oidchandler.go:144.54,147.35 3 2
golang.binggl.net/monorepo/internal/core/api/oidchandler.go:147.35,151.4 3 1
golang.binggl.net/monorepo/internal/core/api/oidchandler.go:152.3,158.57 6 1
golang.binggl.net/monorepo/internal/core/app/shared/errors.go:10.45,14.2 1 0
golang.binggl.net/monorepo/internal/core/app/shared/errors.go:22.40,24.2 1 0
golang.binggl.net/monorepo/internal/core/app/shared/errors.go:31.49,35.2 1 4
golang.binggl.net/monorepo/internal/core/app/shared/errors.go:43.42,45.2 1 4
golang.binggl.net/monorepo/internal/core/app/shared/errors.go:52.45,56.2 1 0
golang.binggl.net/monorepo/internal/core/app/shared/errors.go:64.40,66.2 1 0
golang.binggl.net/monorepo/internal/core/web/templateHandler.go:31.59,32.54 1 11
golang.binggl.net/monorepo/internal/core/web/templateHandler.go:32.54,38.17 5 0
golang.binggl.net/monorepo/internal/core/web/templateHandler.go:38.17,40.4 1 0
golang.binggl.net/monorepo/internal/core/web/templateHandler.go:42.3,48.14 1 0
golang.binggl.net/monorepo/internal/core/web/templateHandler.go:53.60,54.54 1 11
golang.binggl.net/monorepo/internal/core/web/templateHandler.go:54.54,60.17 5 0
golang.binggl.net/monorepo/internal/core/web/templateHandler.go:60.17,62.4 1 0
golang.binggl.net/monorepo/internal/core/web/templateHandler.go:64.3,72.14 2 0
golang.binggl.net/monorepo/internal/core/web/templateHandler.go:77.56,78.54 1 11
golang.binggl.net/monorepo/internal/core/web/templateHandler.go:78.54,83.17 4 0
golang.binggl.net/monorepo/internal/core/web/templateHandler.go:83.17,87.4 3 0
golang.binggl.net/monorepo/internal/core/web/templateHandler.go:89.3,92.17 4 0
golang.binggl.net/monorepo/internal/core/web/templateHandler.go:92.17,97.4 3 0
golang.binggl.net/monorepo/internal/core/web/templateHandler.go:99.3,100.17 2 0
golang.binggl.net/monorepo/internal/core/web/templateHandler.go:100.17,105.4 3 0
golang.binggl.net/monorepo/internal/core/web/templateHandler.go:108.3,108.42 1 0
golang.binggl.net/monorepo/internal/core/web/templateHandler.go:116.50,118.2 1 0
golang.binggl.net/monorepo/internal/core/web/html/page_sites.go:9.52,12.60 1 0
golang.binggl.net/monorepo/internal/core/web/html/page_sites.go:12.60,17.47 1 0
golang.binggl.net/monorepo/internal/core/web/html/page_sites.go:17.47,19.9 1 0
golang.binggl.net/monorepo/internal/core/web/html/page_sites.go:29.26,31.2 1 0
golang.binggl.net/monorepo/internal/core/web/html/page_sites.go:33.43,45.2 1 0
golang.binggl.net/monorepo/internal/core/web/html/page_sites_edit.go:8.50,17.2 1 0
golang.binggl.net/monorepo/internal/core/web/html/page_sites_edit.go:19.30,24.2 1 0
golang.binggl.net/monorepo/internal/core/web/html/page_sites_edit.go:36.47,52.2 1 0
golang.binggl.net/monorepo/pkg/develop/livereload_websocket.go:42.38,46.2 1 0
golang.binggl.net/monorepo/pkg/develop/livereload_websocket.go:49.33,51.74 2 0
golang.binggl.net/monorepo/pkg/develop/livereload_websocket.go:51.74,56.44 1 0
golang.binggl.net/monorepo/pkg/develop/livereload_websocket.go:56.44,58.5 1 0
golang.binggl.net/monorepo/pkg/develop/livereload_websocket.go:60.3,61.17 2 0
golang.binggl.net/monorepo/pkg/develop/livereload_websocket.go:61.17,64.4 2 0
golang.binggl.net/monorepo/pkg/develop/livereload_websocket.go:65.3,68.20 4 0
golang.binggl.net/monorepo/pkg/develop/livereload_websocket.go:70.2,70.12 1 0
golang.binggl.net/monorepo/pkg/develop/livereload_websocket.go:70.12,72.17 2 0
golang.binggl.net/monorepo/pkg/develop/livereload_websocket.go:72.17,75.4 2 0
golang.binggl.net/monorepo/pkg/develop/livereload_websocket.go:77.2,80.12 2 0
golang.binggl.net/monorepo/pkg/develop/livereload_websocket.go:80.12,84.3 3 0
golang.binggl.net/monorepo/pkg/develop/livereload_websocket.go:88.34,91.2 2 0
golang.binggl.net/monorepo/pkg/develop/livereload_websocket.go:109.29,110.15 1 0
golang.binggl.net/monorepo/pkg/develop/livereload_websocket.go:110.15,113.3 2 0
golang.binggl.net/monorepo/pkg/develop/livereload_websocket.go:114.2,114.6 1 0
golang.binggl.net/monorepo/pkg/develop/livereload_websocket.go:114.6,116.17 2 0
golang.binggl.net/monorepo/pkg/develop/livereload_websocket.go:116.17,117.71 1 0
golang.binggl.net/monorepo/pkg/develop/livereload_websocket.go:117.71,119.5 1 0
golang.binggl.net/monorepo/pkg/develop/livereload_websocket.go:120.4,120.9 1 0
golang.binggl.net/monorepo/pkg/develop/livereload_websocket.go:126.54,129.2 2 0
golang.binggl.net/monorepo/pkg/develop/livereload_websocket.go:132.30,134.15 2 0
golang.binggl.net/monorepo/pkg/develop/livereload_websocket.go:134.15,137.3 2 0
golang.binggl.net/monorepo/pkg/develop/livereload_websocket.go:138.2,138.6 1 0
golang.binggl.net/monorepo/pkg/develop/livereload_websocket.go:138.6,139.10 1 0
golang.binggl.net/monorepo/pkg/develop/livereload_websocket.go:140.32,141.11 1 0
golang.binggl.net/monorepo/pkg/develop/livereload_websocket.go:141.11,145.5 2 0
golang.binggl.net/monorepo/pkg/develop/livereload_websocket.go:147.4,149.18 3 0
golang.binggl.net/monorepo/pkg/develop/livereload_websocket.go:149.18,151.5 1 0
golang.binggl.net/monorepo/pkg/develop/livereload_websocket.go:152.4,155.27 3 0
golang.binggl.net/monorepo/pkg/develop/livereload_websocket.go:155.27,158.5 2 0
golang.binggl.net/monorepo/pkg/develop/livereload_websocket.go:160.4,160.36 1 0
golang.binggl.net/monorepo/pkg/develop/livereload_websocket.go:160.36,162.5 1 0
golang.binggl.net/monorepo/pkg/develop/livereload_websocket.go:163.19,164.67 1 0
golang.binggl.net/monorepo/pkg/develop/livereload_websocket.go:164.67,166.5 1 0
golang.binggl.net/monorepo/pkg/develop/livereload_websocket.go:193.20,201.2 1 0
golang.binggl.net/monorepo/pkg/develop/livereload_websocket.go:203.21,204.6 1 0
golang.binggl.net/monorepo/pkg/develop/livereload_websocket.go:204.6,205.10 1 0
golang.binggl.net/monorepo/pkg/develop/livereload_websocket.go:206.31,208.26 2 0
golang.binggl.net/monorepo/pkg/develop/livereload_websocket.go:209.33,210.38 1 0
golang.binggl.net/monorepo/pkg/develop/livereload_websocket.go:210.38,213.5 2 0
golang.binggl.net/monorepo/pkg/develop/livereload_websocket.go:214.33,215.34 1 0
golang.binggl.net/monorepo/pkg/develop/livereload_websocket.go:215.34,216.12 1 0
golang.binggl.net/monorepo/pkg/develop/livereload_websocket.go:217.33,217.33 0 0
golang.binggl.net/monorepo/pkg/develop/livereload_websocket.go:218.13,220.31 2 0
golang.binggl.net/monorepo/pkg/develop/tokenhandler.go:19.51,20.54 1 0
golang.binggl.net/monorepo/pkg/develop/tokenhandler.go:20.54,21.34 1 0
golang.binggl.net/monorepo/pkg/develop/tokenhandler.go:21.34,24.4 2 0
golang.binggl.net/monorepo/pkg/develop/tokenhandler.go:26.3,34.23 5 0
golang.binggl.net/monorepo/pkg/develop/tokenhandler.go:38.27,59.2 9 0
golang.binggl.net/monorepo/pkg/develop/tokenhandler.go:61.46,63.13 2 0
golang.binggl.net/monorepo/pkg/develop/tokenhandler.go:63.13,65.3 1 0
golang.binggl.net/monorepo/pkg/develop/tokenhandler.go:66.2,66.10 1 0
golang.binggl.net/monorepo/pkg/logging/logger.go:32.39,34.2 1 125
golang.binggl.net/monorepo/pkg/logging/logger.go:37.39,38.38 1 125
golang.binggl.net/monorepo/pkg/logging/logger.go:38.38,40.3 1 125
golang.binggl.net/monorepo/pkg/logging/logger.go:44.31,45.38 1 0
golang.binggl.net/monorepo/pkg/logging/logger.go:45.38,46.17 1 0
golang.binggl.net/monorepo/pkg/logging/logger.go:46.17,48.4 1 0
golang.binggl.net/monorepo/pkg/logging/logger.go:49.3,49.41 1 0
golang.binggl.net/monorepo/pkg/logging/logger.go:72.22,80.2 3 1
golang.binggl.net/monorepo/pkg/logging/logger.go:83.57,99.31 4 0
golang.binggl.net/monorepo/pkg/logging/logger.go:99.31,103.3 3 0
golang.binggl.net/monorepo/pkg/logging/logger.go:105.2,105.23 1 0
golang.binggl.net/monorepo/pkg/logging/logger.go:106.15,107.25 1 0
golang.binggl.net/monorepo/pkg/logging/logger.go:108.14,109.24 1 0
golang.binggl.net/monorepo/pkg/logging/logger.go:110.17,111.24 1 0
golang.binggl.net/monorepo/pkg/logging/logger.go:112.15,113.24 1 0
golang.binggl.net/monorepo/pkg/logging/logger.go:114.10,115.24 1 0
golang.binggl.net/monorepo/pkg/logging/logger.go:118.2,133.30 2 0
golang.binggl.net/monorepo/pkg/logging/logger.go:133.30,137.17 2 0
golang.binggl.net/monorepo/pkg/logging/logger.go:137.17,138.73 1 0
golang.binggl.net/monorepo/pkg/logging/logger.go:142.3,142.61 1 0
golang.binggl.net/monorepo/pkg/logging/logger.go:142.61,146.4 1 0
golang.binggl.net/monorepo/pkg/logging/logger.go:148.3,148.70 1 0
golang.binggl.net/monorepo/pkg/logging/logger.go:151.2,160.16 3 0
golang.binggl.net/monorepo/pkg/logging/logger.go:160.16,161.70 1 0
golang.binggl.net/monorepo/pkg/logging/logger.go:163.2,172.3 3 0
golang.binggl.net/monorepo/pkg/logging/logger.go:188.35,189.17 1 0
golang.binggl.net/monorepo/pkg/logging/logger.go:189.17,191.3 1 0
golang.binggl.net/monorepo/pkg/logging/logger.go:192.2,192.12 1 0
golang.binggl.net/monorepo/pkg/logging/logger.go:195.59,197.2 1 1
golang.binggl.net/monorepo/pkg/logging/logger.go:199.60,201.2 1 12
golang.binggl.net/monorepo/pkg/logging/logger.go:203.59,205.2 1 1
golang.binggl.net/monorepo/pkg/logging/logger.go:207.60,209.2 1 0
golang.binggl.net/monorepo/pkg/logging/logger.go:211.85,214.17 3 11
golang.binggl.net/monorepo/pkg/logging/logger.go:214.17,217.3 2 11
golang.binggl.net/monorepo/pkg/logging/logger.go:218.2,218.28 1 11
golang.binggl.net/monorepo/pkg/logging/logger.go:221.86,224.17 3 0
golang.binggl.net/monorepo/pkg/logging/logger.go:224.17,227.3 2 0
golang.binggl.net/monorepo/pkg/logging/logger.go:228.2,228.29 1 0
golang.binggl.net/monorepo/pkg/logging/logger.go:231.67,234.22 3 25
golang.binggl.net/monorepo/pkg/logging/logger.go:234.22,235.30 1 24
golang.binggl.net/monorepo/pkg/logging/logger.go:235.30,237.24 2 125
golang.binggl.net/monorepo/pkg/logging/logger.go:237.24,239.5 1 250
golang.binggl.net/monorepo/pkg/logging/logger.go:243.2,243.12 1 25
golang.binggl.net/monorepo/pkg/logging/logger.go:247.45,255.2 4 25
golang.binggl.net/monorepo/pkg/logging/logger.go:268.36,270.2 1 0
golang.binggl.net/monorepo/pkg/persistence/connection.go:24.34,25.17 1 0
golang.binggl.net/monorepo/pkg/persistence/connection.go:25.17,27.3 1 0
golang.binggl.net/monorepo/pkg/persistence/connection.go:28.2,28.19 1 0
golang.binggl.net/monorepo/pkg/persistence/connection.go:28.19,29.52 1 0
golang.binggl.net/monorepo/pkg/persistence/connection.go:31.2,31.15 1 0
golang.binggl.net/monorepo/pkg/persistence/connection.go:36.34,37.17 1 0
golang.binggl.net/monorepo/pkg/persistence/connection.go:37.17,39.3 1 0
golang.binggl.net/monorepo/pkg/persistence/connection.go:40.2,40.20 1 0
golang.binggl.net/monorepo/pkg/persistence/connection.go:40.20,41.53 1 0
golang.binggl.net/monorepo/pkg/persistence/connection.go:43.2,43.16 1 0
golang.binggl.net/monorepo/pkg/persistence/connection.go:47.66,48.17 1 0
golang.binggl.net/monorepo/pkg/persistence/connection.go:48.17,50.3 1 0
golang.binggl.net/monorepo/pkg/persistence/connection.go:51.2,51.53 1 0
golang.binggl.net/monorepo/pkg/persistence/connection.go:51.53,57.3 1 0
golang.binggl.net/monorepo/pkg/persistence/sqlite.go:23.92,28.19 2 0
golang.binggl.net/monorepo/pkg/persistence/sqlite.go:28.19,30.3 1 0
golang.binggl.net/monorepo/pkg/persistence/sqlite.go:32.2,41.16 5 0
golang.binggl.net/monorepo/pkg/persistence/sqlite.go:41.16,43.3 1 0
golang.binggl.net/monorepo/pkg/persistence/sqlite.go:44.2,45.16 2 0
golang.binggl.net/monorepo/pkg/persistence/sqlite.go:45.16,47.3 1 0
golang.binggl.net/monorepo/pkg/persistence/sqlite.go:48.2,51.16 3 0
golang.binggl.net/monorepo/pkg/persistence/sqlite.go:51.16,53.3 1 0
golang.binggl.net/monorepo/pkg/persistence/sqlite.go:54.2,55.16 2 0
golang.binggl.net/monorepo/pkg/persistence/sqlite.go:55.16,57.3 1 0
golang.binggl.net/monorepo/pkg/persistence/sqlite.go:58.2,64.8 2 0
golang.binggl.net/monorepo/pkg/persistence/sqlite.go:67.44,69.13 2 0
golang.binggl.net/monorepo/pkg/persistence/sqlite.go:69.13,71.3 1 0
golang.binggl.net/monorepo/pkg/persistence/sqlite.go:73.2,74.17 2 0
golang.binggl.net/monorepo/pkg/persistence/sqlite.go:77.54,87.27 8 0
golang.binggl.net/monorepo/pkg/persistence/sqlite.go:87.27,88.33 1 0
golang.binggl.net/monorepo/pkg/persistence/sqlite.go:88.33,90.4 1 0
golang.binggl.net/monorepo/pkg/persistence/sqlite.go:90.9,92.4 1 0
golang.binggl.net/monorepo/pkg/persistence/sqlite.go:94.2,94.27 1 0
golang.binggl.net/monorepo/pkg/server/server.go:27.64,33.2 5 0
golang.binggl.net/monorepo/pkg/server/server.go:48.38,51.12 3 0
golang.binggl.net/monorepo/pkg/server/server.go:51.12,53.67 2 0
golang.binggl.net/monorepo/pkg/server/server.go:53.67,55.4 1 0
golang.binggl.net/monorepo/pkg/server/server.go:57.2,57.53 1 0
golang.binggl.net/monorepo/pkg/server/server.go:61.83,69.40 7 0
golang.binggl.net/monorepo/pkg/server/server.go:69.40,71.3 1 0
golang.binggl.net/monorepo/pkg/server/server.go:72.2,73.12 2 0
golang.binggl.net/monorepo/pkg/server/server.go:77.95,86.56 7 0
golang.binggl.net/monorepo/pkg/server/server.go:86.56,87.64 1 0
golang.binggl.net/monorepo/pkg/server/server.go:90.2,102.41 11 0
golang.binggl.net/monorepo/pkg/server/server.go:102.41,103.75 1 0
golang.binggl.net/monorepo/pkg/server/server.go:105.2,106.40 2 0
golang.binggl.net/monorepo/pkg/server/server.go:106.40,107.81 1 0
golang.binggl.net/monorepo/pkg/server/server.go:109.2,110.8 2 0
golang.binggl.net/monorepo/pkg/server/server.go:114.177,137.27 10 11
golang.binggl.net/monorepo/pkg/server/server.go:137.27,141.3 2 11
golang.binggl.net/monorepo/pkg/server/server.go:142.2,142.10 1 11
golang.binggl.net/monorepo/pkg/server/server.go:146.149,163.2 3 0
golang.binggl.net/monorepo/internal/bookmarks/router.go:28.111,51.51 5 4
golang.binggl.net/monorepo/internal/bookmarks/router.go:51.51,57.3 2 0
golang.binggl.net/monorepo/internal/bookmarks/router.go:61.2,61.39 1 4
golang.binggl.net/monorepo/internal/bookmarks/router.go:61.39,78.3 16 4
golang.binggl.net/monorepo/internal/bookmarks/router.go:80.2,82.12 2 4
golang.binggl.net/monorepo/internal/bookmarks/router.go:85.111,115.2 7 4
golang.binggl.net/monorepo/internal/bookmarks/server.go:19.48,45.46 5 0
golang.binggl.net/monorepo/internal/bookmarks/server.go:45.46,48.3 2 0
golang.binggl.net/monorepo/internal/bookmarks/server.go:50.2,59.4 1 0
golang.binggl.net/monorepo/internal/bookmarks/server.go:62.51,72.2 1 0
golang.binggl.net/monorepo/internal/bookmarks/server.go:78.123,80.16 2 0
golang.binggl.net/monorepo/internal/bookmarks/server.go:80.16,81.67 1 0
golang.binggl.net/monorepo/internal/bookmarks/server.go:83.2,83.84 1 0
golang.binggl.net/monorepo/internal/bookmarks/app/errors.go:10.45,14.2 1 0
golang.binggl.net/monorepo/internal/bookmarks/app/errors.go:22.40,24.2 1 0
golang.binggl.net/monorepo/internal/bookmarks/app/errors.go:31.49,35.2 1 1
golang.binggl.net/monorepo/internal/bookmarks/app/errors.go:43.42,45.2 1 1
golang.binggl.net/monorepo/internal/bookmarks/app/errors.go:52.45,56.2 1 0
golang.binggl.net/monorepo/internal/bookmarks/app/errors.go:64.40,66.2 1 0
golang.binggl.net/monorepo/internal/bookmarks/web/templateHandler.go:37.62,38.54 1 4
golang.binggl.net/monorepo/internal/bookmarks/web/templateHandler.go:38.54,45.17 5 1
golang.binggl.net/monorepo/internal/bookmarks/web/templateHandler.go:45.17,47.4 1 1
golang.binggl.net/monorepo/internal/bookmarks/web/templateHandler.go:49.3,57.14 2 1
golang.binggl.net/monorepo/internal/bookmarks/web/templateHandler.go:62.66,63.54 1 8
golang.binggl.net/monorepo/internal/bookmarks/web/templateHandler.go:63.54,65.17 2 1
golang.binggl.net/monorepo/internal/bookmarks/web/templateHandler.go:65.17,68.4 1 1
golang.binggl.net/monorepo/internal/bookmarks/web/templateHandler.go:69.3,82.31 6 1
golang.binggl.net/monorepo/internal/bookmarks/web/templateHandler.go:82.31,83.15 1 2
golang.binggl.net/monorepo/internal/bookmarks/web/templateHandler.go:83.15,84.13 1 2
golang.binggl.net/monorepo/internal/bookmarks/web/templateHandler.go:86.4,90.33 2 0
golang.binggl.net/monorepo/internal/bookmarks/web/templateHandler.go:93.3,97.17 4 1
golang.binggl.net/monorepo/internal/bookmarks/web/templateHandler.go:97.17,101.4 3 0
golang.binggl.net/monorepo/internal/bookmarks/web/templateHandler.go:103.3,105.25 3 1
golang.binggl.net/monorepo/internal/bookmarks/web/templateHandler.go:105.25,108.18 3 1
golang.binggl.net/monorepo/internal/bookmarks/web/templateHandler.go:108.18,112.5 3 0
golang.binggl.net/monorepo/internal/bookmarks/web/templateHandler.go:113.4,116.59 2 1
golang.binggl.net/monorepo/internal/bookmarks/web/templateHandler.go:116.59,119.5 1 1
golang.binggl.net/monorepo/internal/bookmarks/web/templateHandler.go:122.3,129.14 2 1
golang.binggl.net/monorepo/internal/bookmarks/web/templateHandler.go:134.73,135.54 1 4
golang.binggl.net/monorepo/internal/bookmarks/web/templateHandler.go:135.54,142.17 5 0
golang.binggl.net/monorepo/internal/bookmarks/web/templateHandler.go:142.17,144.4 1 0
golang.binggl.net/monorepo/internal/bookmarks/web/templateHandler.go:145.3,145.68 1 0
golang.binggl.net/monorepo/internal/bookmarks/web/templateHandler.go:150.60,151.54 1 4
golang.binggl.net/monorepo/internal/bookmarks/web/templateHandler.go:151.54,157.17 5 0
golang.binggl.net/monorepo/internal/bookmarks/web/templateHandler.go:157.17,159.4 1 0
golang.binggl.net/monorepo/internal/bookmarks/web/templateHandler.go:160.3,160.95 1 0
golang.binggl.net/monorepo/internal/bookmarks/web/templateHandler.go:165.61,166.54 1 4
golang.binggl.net/monorepo/internal/bookmarks/web/templateHandler.go:166.54,173.17 6 0
golang.binggl.net/monorepo/internal/bookmarks/web/templateHandler.go:173.17,175.4 1 0
golang.binggl.net/monorepo/internal/bookmarks/web/templateHandler.go:176.3,177.17 2 0
golang.binggl.net/monorepo/internal/bookmarks/web/templateHandler.go:177.17,181.19 3 0
golang.binggl.net/monorepo/internal/bookmarks/web/templateHandler.go:181.19,183.5 1 0
golang.binggl.net/monorepo/internal/bookmarks/web/templateHandler.go:186.4,192.10 3 0
golang.binggl.net/monorepo/internal/bookmarks/web/templateHandler.go:195.3,196.17 2 0
golang.binggl.net/monorepo/internal/bookmarks/web/templateHandler.go:196.17,198.4 1 0
golang.binggl.net/monorepo/internal/bookmarks/web/templateHandler.go:202.3,207.14 2 0
golang.binggl.net/monorepo/internal/bookmarks/web/templateHandler.go:213.65,214.54 1 4
golang.binggl.net/monorepo/internal/bookmarks/web/templateHandler.go:214.54,225.17 5 0
golang.binggl.net/monorepo/internal/bookmarks/web/templateHandler.go:225.17,233.4 7 0
golang.binggl.net/monorepo/internal/bookmarks/web/templateHandler.go:233.9,236.18 2 0
golang.binggl.net/monorepo/internal/bookmarks/web/templateHandler.go:236.18,240.5 3 0
golang.binggl.net/monorepo/internal/bookmarks/web/templateHandler.go:241.4,251.18 10 0
golang.binggl.net/monorepo/internal/bookmarks/web/templateHandler.go:251.18,253.5 1 0
golang.binggl.net/monorepo/internal/bookmarks/web/templateHandler.go:255.3,255.42 1 0
golang.binggl.net/monorepo/internal/bookmarks/web/templateHandler.go:274.68,275.54 1 4
golang.binggl.net/monorepo/internal/bookmarks/web/templateHandler.go:275.54,279.17 4 0
golang.binggl.net/monorepo/internal/bookmarks/web/templateHandler.go:279.17,284.4 4 0
golang.binggl.net/monorepo/internal/bookmarks/web/templateHandler.go:285.3,285.65 1 0
golang.binggl.net/monorepo/internal/bookmarks/web/templateHandler.go:290.73,291.54 1 4
golang.binggl.net/monorepo/internal/bookmarks/web/templateHandler.go:291.54,295.17 4 0
golang.binggl.net/monorepo/internal/bookmarks/web/templateHandler.go:295.17,300.4 4 0
golang.binggl.net/monorepo/internal/bookmarks/web/templateHandler.go:301.3,301.65 1 0
golang.binggl.net/monorepo/internal/bookmarks/web/templateHandler.go:306.66,307.54 1 4
golang.binggl.net/monorepo/internal/bookmarks/web/templateHandler.go:307.54,313.17 3 3
golang.binggl.net/monorepo/internal/bookmarks/web/templateHandler.go:313.17,318.4 4 1
golang.binggl.net/monorepo/internal/bookmarks/web/templateHandler.go:319.3,322.41 3 2
golang.binggl.net/monorepo/internal/bookmarks/web/templateHandler.go:322.41,326.4 3 1
golang.binggl.net/monorepo/internal/bookmarks/web/templateHandler.go:327.3,328.17 2 1
golang.binggl.net/monorepo/internal/bookmarks/web/templateHandler.go:328.17,333.4 4 0
golang.binggl.net/monorepo/internal/bookmarks/web/templateHandler.go:334.3,335.17 2 1
golang.binggl.net/monorepo/internal/bookmarks/web/templateHandler.go:335.17,340.4 4 0
golang.binggl.net/monorepo/internal/bookmarks/web/templateHandler.go:341.3,341.65 1 1
golang.binggl.net/monorepo/internal/bookmarks/web/templateHandler.go:346.61,347.54 1 4
golang.binggl.net/monorepo/internal/bookmarks/web/templateHandler.go:347.54,352.17 5 0
golang.binggl.net/monorepo/internal/bookmarks/web/templateHandler.go:352.17,356.4 3 0
golang.binggl.net/monorepo/internal/bookmarks/web/templateHandler.go:357.3,357.92 1 0
golang.binggl.net/monorepo/internal/bookmarks/web/templateHandler.go:362.65,363.54 1 4
golang.binggl.net/monorepo/internal/bookmarks/web/templateHandler.go:363.54,367.17 4 0
golang.binggl.net/monorepo/internal/bookmarks/web/templateHandler.go:367.17,371.4 3 0
golang.binggl.net/monorepo/internal/bookmarks/web/templateHandler.go:372.3,372.92 1 0
golang.binggl.net/monorepo/internal/bookmarks/web/templateHandler.go:382.59,383.54 1 4
golang.binggl.net/monorepo/internal/bookmarks/web/templateHandler.go:383.54,393.17 3 0
golang.binggl.net/monorepo/internal/bookmarks/web/templateHandler.go:393.17,397.4 3 0
golang.binggl.net/monorepo/internal/bookmarks/web/templateHandler.go:398.3,409.49 11 0
golang.binggl.net/monorepo/internal/bookmarks/web/templateHandler.go:409.49,411.4 1 0
golang.binggl.net/monorepo/internal/bookmarks/web/templateHandler.go:414.3,418.29 5 0
golang.binggl.net/monorepo/internal/bookmarks/web/templateHandler.go:418.29,422.4 3 0
golang.binggl.net/monorepo/internal/bookmarks/web/templateHandler.go:423.3,424.22 2 0
golang.binggl.net/monorepo/internal/bookmarks/web/templateHandler.go:424.22,428.4 3 0
golang.binggl.net/monorepo/internal/bookmarks/web/templateHandler.go:429.3,430.36 2 0
golang.binggl.net/monorepo/internal/bookmarks/web/templateHandler.go:430.36,432.22 2 0
golang.binggl.net/monorepo/internal/bookmarks/web/templateHandler.go:432.22,436.5 3 0
golang.binggl.net/monorepo/internal/bookmarks/web/templateHandler.go:438.3,438.20 1 0
golang.binggl.net/monorepo/internal/bookmarks/web/templateHandler.go:438.20,441.26 3 0
golang.binggl.net/monorepo/internal/bookmarks/web/templateHandler.go:441.26,445.5 3 0
golang.binggl.net/monorepo/internal/bookmarks/web/templateHandler.go:447.3,449.17 2 0
golang.binggl.net/monorepo/internal/bookmarks/web/templateHandler.go:449.17,454.4 3 0
golang.binggl.net/monorepo/internal/bookmarks/web/templateHandler.go:456.3,456.22 1 0
golang.binggl.net/monorepo/internal/bookmarks/web/templateHandler.go:456.22,466.21 2 0
golang.binggl.net/monorepo/internal/bookmarks/web/templateHandler.go:466.21,469.5 1 0
golang.binggl.net/monorepo/internal/bookmarks/web/templateHandler.go:470.4,471.18 2 0
golang.binggl.net/monorepo/internal/bookmarks/web/templateHandler.go:471.18,476.5 4 0
golang.binggl.net/monorepo/internal/bookmarks/web/templateHandler.go:477.4,493.10 6 0
golang.binggl.net/monorepo/internal/bookmarks/web/templateHandler.go:495.9,497.18 2 0
golang.binggl.net/monorepo/internal/bookmarks/web/templateHandler.go:497.18,499.5 1 0
golang.binggl.net/monorepo/internal/bookmarks/web/templateHandler.go:502.4,503.18 2 0
golang.binggl.net/monorepo/internal/bookmarks/web/templateHandler.go:503.18,507.5 3 0
golang.binggl.net/monorepo/internal/bookmarks/web/templateHandler.go:510.4,517.18 8 0
golang.binggl.net/monorepo/internal/bookmarks/web/templateHandler.go:517.18,522.5 4 0
golang.binggl.net/monorepo/internal/bookmarks/web/templateHandler.go:524.4,540.10 6 0
golang.binggl.net/monorepo/internal/bookmarks/web/templateHandler.go:546.60,547.54 1 4
golang.binggl.net/monorepo/internal/bookmarks/web/templateHandler.go:547.54,550.17 3 0
golang.binggl.net/monorepo/internal/bookmarks/web/templateHandler.go:550.17,554.4 3 0
golang.binggl.net/monorepo/internal/bookmarks/web/templateHandler.go:556.3,560.25 4 0
golang.binggl.net/monorepo/internal/bookmarks/web/templateHandler.go:560.25,562.4 1 0
golang.binggl.net/monorepo/internal/bookmarks/web/templateHandler.go:564.3,570.17 3 0
golang.binggl.net/monorepo/internal/bookmarks/web/templateHandler.go:570.17,583.4 3 0
golang.binggl.net/monorepo/internal/bookmarks/web/templateHandler.go:585.3,596.58 2 0
golang.binggl.net/monorepo/internal/bookmarks/web/templateHandler.go:605.50,607.2 1 2
golang.binggl.net/monorepo/internal/bookmarks/web/templateHandler.go:609.115,611.2 1 2
golang.binggl.net/monorepo/internal/bookmarks/web/templateHandler.go:613.54,615.29 2 1
golang.binggl.net/monorepo/internal/bookmarks/web/templateHandler.go:615.29,617.3 1 1
golang.binggl.net/monorepo/internal/bookmarks/web/templateHandler.go:618.2,618.16 1 0
golang.binggl.net/monorepo/internal/bookmarks/web/templateHandler.go:621.53,623.2 1 1
golang.binggl.net/monorepo/internal/bookmarks/web/templateHandler.go:625.39,626.16 1 0
golang.binggl.net/monorepo/internal/bookmarks/web/templateHandler.go:626.16,628.3 1 0
golang.binggl.net/monorepo/internal/bookmarks/web/templateHandler.go:629.2,629.10 1 0
[...]
golang.binggl.net/monorepo/internal/bookmarks/app/store/bookmark_repository.go:359.2,359.12 1 2
golang.binggl.net/monorepo/internal/bookmarks/app/store/bookmark_repository.go:366.84,368.95 1 17
golang.binggl.net/monorepo/internal/bookmarks/app/store/bookmark_repository.go:368.95,370.3 1 0
golang.binggl.net/monorepo/internal/bookmarks/app/store/bookmark_repository.go:371.2,371.12 1 17
golang.binggl.net/monorepo/internal/bookmarks/app/store/bookmark_repository.go:390.92,396.27 3 18
golang.binggl.net/monorepo/internal/bookmarks/app/store/bookmark_repository.go:396.27,397.16 1 18
golang.binggl.net/monorepo/internal/bookmarks/app/store/bookmark_repository.go:397.16,399.4 1 18
golang.binggl.net/monorepo/internal/bookmarks/app/store/bookmark_repository.go:402.2,402.16 1 18
golang.binggl.net/monorepo/internal/bookmarks/app/store/bookmark_repository.go:402.16,404.3 1 0
golang.binggl.net/monorepo/internal/bookmarks/app/store/bookmark_repository.go:406.2,406.18 1 18
golang.binggl.net/monorepo/internal/bookmarks/app/store/bookmark_repository.go:406.18,408.41 2 48
golang.binggl.net/monorepo/internal/bookmarks/app/store/bookmark_repository.go:408.41,410.4 1 0
golang.binggl.net/monorepo/internal/bookmarks/app/store/bookmark_repository.go:411.3,411.30 1 48
golang.binggl.net/monorepo/internal/bookmarks/app/store/bookmark_repository.go:413.2,413.19 1 18
golang.binggl.net/monorepo/internal/bookmarks/app/store/bookmark_repository.go:416.96,420.9 2 16
golang.binggl.net/monorepo/internal/bookmarks/app/store/bookmark_repository.go:420.9,422.3 1 0
golang.binggl.net/monorepo/internal/bookmarks/app/store/bookmark_repository.go:423.2,428.56 2 16
golang.binggl.net/monorepo/internal/bookmarks/app/store/bookmark_repository.go:428.56,430.3 1 0
golang.binggl.net/monorepo/internal/bookmarks/app/store/bookmark_repository.go:433.2,434.39 2 16
golang.binggl.net/monorepo/internal/bookmarks/app/store/bookmark_repository.go:437.78,439.13 2 25
golang.binggl.net/monorepo/internal/bookmarks/app/store/bookmark_repository.go:439.13,441.3 1 1
golang.binggl.net/monorepo/internal/bookmarks/app/store/bookmark_repository.go:443.2,444.28 2 24
golang.binggl.net/monorepo/internal/bookmarks/app/store/bookmark_repository.go:444.28,446.3 1 20
golang.binggl.net/monorepo/internal/bookmarks/app/store/bookmark_repository.go:448.2,450.27 2 24
golang.binggl.net/monorepo/internal/bookmarks/app/store/entities.go:41.35,43.2 1 87
golang.binggl.net/monorepo/internal/bookmarks/app/store/entities.go:46.36,48.2 1 28
golang.binggl.net/monorepo/internal/bookmarks/app/store/entities.go:57.35,59.2 1 2
golang.binggl.net/monorepo/internal/bookmarks/app/store/favicon_repository.go:20.93,25.2 1 3
golang.binggl.net/monorepo/internal/bookmarks/app/store/favicon_repository.go:37.63,41.2 3 6
golang.binggl.net/monorepo/internal/bookmarks/app/store/favicon_repository.go:44.67,45.19 1 5
golang.binggl.net/monorepo/internal/bookmarks/app/store/favicon_repository.go:45.19,47.3 1 1
golang.binggl.net/monorepo/internal/bookmarks/app/store/favicon_repository.go:49.2,49.28 1 4
golang.binggl.net/monorepo/internal/bookmarks/app/store/favicon_repository.go:49.28,51.3 1 1
golang.binggl.net/monorepo/internal/bookmarks/app/store/favicon_repository.go:53.2,55.16 3 3
golang.binggl.net/monorepo/internal/bookmarks/app/store/favicon_repository.go:55.16,58.48 3 1
golang.binggl.net/monorepo/internal/bookmarks/app/store/favicon_repository.go:58.48,60.4 1 0
golang.binggl.net/monorepo/internal/bookmarks/app/store/favicon_repository.go:61.3,61.18 1 1
golang.binggl.net/monorepo/internal/bookmarks/app/store/favicon_repository.go:63.2,68.49 2 2
golang.binggl.net/monorepo/internal/bookmarks/app/store/favicon_repository.go:68.49,70.3 1 0
golang.binggl.net/monorepo/internal/bookmarks/app/store/favicon_repository.go:71.2,71.17 1 2
golang.binggl.net/monorepo/internal/bookmarks/app/store/favicon_repository.go:75.58,76.19 1 2
golang.binggl.net/monorepo/internal/bookmarks/app/store/favicon_repository.go:76.19,78.3 1 1
golang.binggl.net/monorepo/internal/bookmarks/app/store/favicon_repository.go:80.2,81.20 2 1
golang.binggl.net/monorepo/internal/bookmarks/app/store/favicon_repository.go:81.20,83.3 1 0
golang.binggl.net/monorepo/internal/bookmarks/app/store/favicon_repository.go:84.2,84.12 1 1
golang.binggl.net/monorepo/internal/bookmarks/app/store/favicon_repository.go:88.93,89.60 1 1
golang.binggl.net/monorepo/internal/bookmarks/app/store/favicon_repository.go:89.60,92.3 2 1
golang.binggl.net/monorepo/pkg/logging/logger.go:32.39,34.2 1 0
golang.binggl.net/monorepo/pkg/logging/logger.go:37.39,38.38 1 0
golang.binggl.net/monorepo/pkg/logging/logger.go:38.38,40.3 1 0
golang.binggl.net/monorepo/pkg/logging/logger.go:44.31,45.38 1 0
golang.binggl.net/monorepo/pkg/logging/logger.go:45.38,46.17 1 0
golang.binggl.net/monorepo/pkg/logging/logger.go:46.17,48.4 1 0
golang.binggl.net/monorepo/pkg/logging/logger.go:49.3,49.41 1 0
golang.binggl.net/monorepo/pkg/logging/logger.go:72.22,80.2 3 1
golang.binggl.net/monorepo/pkg/logging/logger.go:83.57,99.31 4 0
golang.binggl.net/monorepo/pkg/logging/logger.go:99.31,103.3 3 0
golang.binggl.net/monorepo/pkg/logging/logger.go:105.2,105.23 1 0
golang.binggl.net/monorepo/pkg/logging/logger.go:106.15,107.25 1 0
golang.binggl.net/monorepo/pkg/logging/logger.go:108.14,109.24 1 0
golang.binggl.net/monorepo/pkg/logging/logger.go:110.17,111.24 1 0
golang.binggl.net/monorepo/pkg/logging/logger.go:112.15,113.24 1 0
golang.binggl.net/monorepo/pkg/logging/logger.go:114.10,115.24 1 0
golang.binggl.net/monorepo/pkg/logging/logger.go:118.2,133.30 2 0
golang.binggl.net/monorepo/pkg/logging/logger.go:133.30,137.17 2 0
golang.binggl.net/monorepo/pkg/logging/logger.go:137.17,138.73 1 0
golang.binggl.net/monorepo/pkg/logging/logger.go:142.3,142.61 1 0
golang.binggl.net/monorepo/pkg/logging/logger.go:142.61,146.4 1 0
golang.binggl.net/monorepo/pkg/logging/logger.go:148.3,148.70 1 0
golang.binggl.net/monorepo/pkg/logging/logger.go:151.2,160.16 3 0
golang.binggl.net/monorepo/pkg/logging/logger.go:160.16,161.70 1 0
golang.binggl.net/monorepo/pkg/logging/logger.go:163.2,172.3 3 0
golang.binggl.net/monorepo/pkg/logging/logger.go:188.35,189.17 1 0
golang.binggl.net/monorepo/pkg/logging/logger.go:189.17,191.3 1 0
golang.binggl.net/monorepo/pkg/logging/logger.go:192.2,192.12 1 0
golang.binggl.net/monorepo/pkg/logging/logger.go:195.59,197.2 1 0
golang.binggl.net/monorepo/pkg/logging/logger.go:199.60,201.2 1 88
golang.binggl.net/monorepo/pkg/logging/logger.go:203.59,205.2 1 0
golang.binggl.net/monorepo/pkg/logging/logger.go:207.60,209.2 1 2
golang.binggl.net/monorepo/pkg/logging/logger.go:211.85,214.17 3 0
golang.binggl.net/monorepo/pkg/logging/logger.go:214.17,217.3 2 0
golang.binggl.net/monorepo/pkg/logging/logger.go:218.2,218.28 1 0
golang.binggl.net/monorepo/pkg/logging/logger.go:221.86,224.17 3 0
golang.binggl.net/monorepo/pkg/logging/logger.go:224.17,227.3 2 0
golang.binggl.net/monorepo/pkg/logging/logger.go:228.2,228.29 1 0
golang.binggl.net/monorepo/pkg/logging/logger.go:231.67,234.22 3 90
golang.binggl.net/monorepo/pkg/logging/logger.go:234.22,235.30 1 0
golang.binggl.net/monorepo/pkg/logging/logger.go:235.30,237.24 2 0
golang.binggl.net/monorepo/pkg/logging/logger.go:237.24,239.5 1 0
golang.binggl.net/monorepo/pkg/logging/logger.go:243.2,243.12 1 90
golang.binggl.net/monorepo/pkg/logging/logger.go:247.45,255.2 4 90
golang.binggl.net/monorepo/pkg/logging/logger.go:268.36,270.2 1 0
golang.binggl.net/monorepo/pkg/persistence/connection.go:24.34,25.17 1 76
golang.binggl.net/monorepo/pkg/persistence/connection.go:25.17,27.3 1 3
golang.binggl.net/monorepo/pkg/persistence/connection.go:28.2,28.19 1 73
golang.binggl.net/monorepo/pkg/persistence/connection.go:28.19,29.52 1 0
golang.binggl.net/monorepo/pkg/persistence/connection.go:31.2,31.15 1 73
golang.binggl.net/monorepo/pkg/persistence/connection.go:36.34,37.17 1 111
golang.binggl.net/monorepo/pkg/persistence/connection.go:37.17,39.3 1 53
golang.binggl.net/monorepo/pkg/persistence/connection.go:40.2,40.20 1 58
golang.binggl.net/monorepo/pkg/persistence/connection.go:40.20,41.53 1 0
golang.binggl.net/monorepo/pkg/persistence/connection.go:43.2,43.16 1 58
golang.binggl.net/monorepo/pkg/persistence/connection.go:47.66,48.17 1 53
golang.binggl.net/monorepo/pkg/persistence/connection.go:48.17,50.3 1 0
golang.binggl.net/monorepo/pkg/persistence/connection.go:51.2,51.53 1 53
golang.binggl.net/monorepo/pkg/persistence/connection.go:51.53,57.3 1 53
golang.binggl.net/monorepo/pkg/persistence/sqlite.go:23.92,28.19 2 16
golang.binggl.net/monorepo/pkg/persistence/sqlite.go:28.19,30.3 1 0
golang.binggl.net/monorepo/pkg/persistence/sqlite.go:32.2,41.16 5 16
golang.binggl.net/monorepo/pkg/persistence/sqlite.go:41.16,43.3 1 0
golang.binggl.net/monorepo/pkg/persistence/sqlite.go:44.2,45.16 2 16
golang.binggl.net/monorepo/pkg/persistence/sqlite.go:45.16,47.3 1 0
golang.binggl.net/monorepo/pkg/persistence/sqlite.go:48.2,51.16 3 16
golang.binggl.net/monorepo/pkg/persistence/sqlite.go:51.16,53.3 1 0
golang.binggl.net/monorepo/pkg/persistence/sqlite.go:54.2,55.16 2 16
golang.binggl.net/monorepo/pkg/persistence/sqlite.go:55.16,57.3 1 0
golang.binggl.net/monorepo/pkg/persistence/sqlite.go:58.2,64.8 2 16
golang.binggl.net/monorepo/pkg/persistence/sqlite.go:67.44,69.13 2 16
golang.binggl.net/monorepo/pkg/persistence/sqlite.go:69.13,71.3 1 16
golang.binggl.net/monorepo/pkg/persistence/sqlite.go:73.2,74.17 2 0
golang.binggl.net/monorepo/pkg/persistence/sqlite.go:77.54,87.27 8 16
golang.binggl.net/monorepo/pkg/persistence/sqlite.go:87.27,88.33 1 0
golang.binggl.net/monorepo/pkg/persistence/sqlite.go:88.33,90.4 1 0
golang.binggl.net/monorepo/pkg/persistence/sqlite.go:90.9,92.4 1 0
golang.binggl.net/monorepo/pkg/persistence/sqlite.go:94.2,94.27 1 16
golang.binggl.net/monorepo/pkg/logging/logger.go:32.39,34.2 1 4
golang.binggl.net/monorepo/pkg/logging/logger.go:37.39,38.38 1 0
golang.binggl.net/monorepo/pkg/logging/logger.go:38.38,40.3 1 0
golang.binggl.net/monorepo/pkg/logging/logger.go:44.31,45.38 1 4
golang.binggl.net/monorepo/pkg/logging/logger.go:45.38,46.17 1 4
golang.binggl.net/monorepo/pkg/logging/logger.go:46.17,48.4 1 0
golang.binggl.net/monorepo/pkg/logging/logger.go:49.3,49.41 1 4
golang.binggl.net/monorepo/pkg/logging/logger.go:72.22,80.2 3 4
golang.binggl.net/monorepo/pkg/logging/logger.go:83.57,99.31 4 0
golang.binggl.net/monorepo/pkg/logging/logger.go:99.31,103.3 3 0
golang.binggl.net/monorepo/pkg/logging/logger.go:105.2,105.23 1 0
golang.binggl.net/monorepo/pkg/logging/logger.go:106.15,107.25 1 0
golang.binggl.net/monorepo/pkg/logging/logger.go:108.14,109.24 1 0
golang.binggl.net/monorepo/pkg/logging/logger.go:110.17,111.24 1 0
golang.binggl.net/monorepo/pkg/logging/logger.go:112.15,113.24 1 0
golang.binggl.net/monorepo/pkg/logging/logger.go:114.10,115.24 1 0
golang.binggl.net/monorepo/pkg/logging/logger.go:118.2,133.30 2 0
golang.binggl.net/monorepo/pkg/logging/logger.go:133.30,137.17 2 0
golang.binggl.net/monorepo/pkg/logging/logger.go:137.17,138.73 1 0
golang.binggl.net/monorepo/pkg/logging/logger.go:142.3,142.61 1 0
golang.binggl.net/monorepo/pkg/logging/logger.go:142.61,146.4 1 0
golang.binggl.net/monorepo/pkg/logging/logger.go:148.3,148.70 1 0
golang.binggl.net/monorepo/pkg/logging/logger.go:151.2,160.16 3 0
golang.binggl.net/monorepo/pkg/logging/logger.go:160.16,161.70 1 0
golang.binggl.net/monorepo/pkg/logging/logger.go:163.2,172.3 3 0
golang.binggl.net/monorepo/pkg/logging/logger.go:188.35,189.17 1 0
golang.binggl.net/monorepo/pkg/logging/logger.go:189.17,191.3 1 0
golang.binggl.net/monorepo/pkg/logging/logger.go:192.2,192.12 1 0
golang.binggl.net/monorepo/pkg/logging/logger.go:195.59,197.2 1 0
golang.binggl.net/monorepo/pkg/logging/logger.go:199.60,201.2 1 3
golang.binggl.net/monorepo/pkg/logging/logger.go:203.59,205.2 1 4
golang.binggl.net/monorepo/pkg/logging/logger.go:207.60,209.2 1 0
golang.binggl.net/monorepo/pkg/logging/logger.go:211.85,214.17 3 0
golang.binggl.net/monorepo/pkg/logging/logger.go:214.17,217.3 2 0
golang.binggl.net/monorepo/pkg/logging/logger.go:218.2,218.28 1 0
golang.binggl.net/monorepo/pkg/logging/logger.go:221.86,224.17 3 0
golang.binggl.net/monorepo/pkg/logging/logger.go:224.17,227.3 2 0
golang.binggl.net/monorepo/pkg/logging/logger.go:228.2,228.29 1 0
golang.binggl.net/monorepo/pkg/logging/logger.go:231.67,234.22 3 7
golang.binggl.net/monorepo/pkg/logging/logger.go:234.22,235.30 1 4
golang.binggl.net/monorepo/pkg/logging/logger.go:235.30,237.24 2 4
golang.binggl.net/monorepo/pkg/logging/logger.go:237.24,239.5 1 8
golang.binggl.net/monorepo/pkg/logging/logger.go:243.2,243.12 1 7
golang.binggl.net/monorepo/pkg/logging/logger.go:247.45,255.2 4 7
golang.binggl.net/monorepo/pkg/logging/logger.go:268.36,270.2 1 0
golang.binggl.net/monorepo/pkg/security/jwtauthorization.go:36.79,39.14 3 13
golang.binggl.net/monorepo/pkg/security/jwtauthorization.go:39.14,41.21 2 7
golang.binggl.net/monorepo/pkg/security/jwtauthorization.go:41.21,43.4 1 1
golang.binggl.net/monorepo/pkg/security/jwtauthorization.go:44.3,44.55 1 7
golang.binggl.net/monorepo/pkg/security/jwtauthorization.go:46.2,46.16 1 12
golang.binggl.net/monorepo/pkg/security/jwtauthorization.go:50.71,60.20 2 12
golang.binggl.net/monorepo/pkg/security/jwtauthorization.go:60.20,62.3 1 7
golang.binggl.net/monorepo/pkg/security/jwtauthorization.go:63.2,63.17 1 12
golang.binggl.net/monorepo/pkg/security/jwtauthorization.go:63.17,65.3 1 2
golang.binggl.net/monorepo/pkg/security/jwtauthorization.go:67.2,67.95 1 10
golang.binggl.net/monorepo/pkg/security/jwtauthorization.go:67.95,69.3 1 3
golang.binggl.net/monorepo/pkg/security/jwtauthorization.go:70.2,71.128 2 7
golang.binggl.net/monorepo/pkg/security/jwtauthorization.go:71.128,73.3 1 1
golang.binggl.net/monorepo/pkg/security/jwtauthorization.go:74.2,85.20 2 6
golang.binggl.net/monorepo/pkg/security/jwtauthorization.go:85.20,87.3 1 4
golang.binggl.net/monorepo/pkg/security/jwtauthorization.go:88.2,88.18 1 6
golang.binggl.net/monorepo/pkg/security/jwtauthorization.go:98.96,99.31 1 14
golang.binggl.net/monorepo/pkg/security/jwtauthorization.go:99.31,103.74 4 17
golang.binggl.net/monorepo/pkg/security/jwtauthorization.go:103.74,105.4 1 10
golang.binggl.net/monorepo/pkg/security/jwtauthorization.go:107.2,107.21 1 14
golang.binggl.net/monorepo/pkg/security/jwtauthorization.go:107.21,109.3 1 4
golang.binggl.net/monorepo/pkg/security/jwtauthorization.go:110.2,110.8 1 14
golang.binggl.net/monorepo/pkg/security/jwtauthorization.go:114.80,116.16 2 13
golang.binggl.net/monorepo/pkg/security/jwtauthorization.go:116.16,118.3 1 2
golang.binggl.net/monorepo/pkg/security/jwtauthorization.go:119.2,119.63 1 11
golang.binggl.net/monorepo/pkg/security/jwtauthorization.go:119.63,121.3 1 3
golang.binggl.net/monorepo/pkg/security/jwtauthorization.go:123.2,140.8 1 8
golang.binggl.net/monorepo/pkg/security/jwtauthorization.go:144.83,146.17 2 1
golang.binggl.net/monorepo/pkg/security/jwtauthorization.go:146.17,148.3 1 0
golang.binggl.net/monorepo/pkg/security/jwtauthorization.go:149.2,173.16 20 1
golang.binggl.net/monorepo/pkg/security/jwtauthorization.go:173.16,175.3 1 0
golang.binggl.net/monorepo/pkg/security/jwtauthorization.go:176.2,176.29 1 1
golang.binggl.net/monorepo/pkg/security/jwtauthorization.go:179.58,181.8 2 64
golang.binggl.net/monorepo/pkg/security/jwtauthorization.go:181.8,183.3 1 56
golang.binggl.net/monorepo/pkg/security/jwtauthorization.go:184.2,184.11 1 8
golang.binggl.net/monorepo/pkg/security/jwtauthorization.go:187.59,190.8 3 8
golang.binggl.net/monorepo/pkg/security/jwtauthorization.go:190.8,193.9 2 8
golang.binggl.net/monorepo/pkg/security/jwtauthorization.go:193.9,194.28 1 8
golang.binggl.net/monorepo/pkg/security/jwtauthorization.go:194.28,196.5 1 8
golang.binggl.net/monorepo/pkg/security/jwtauthorization.go:199.2,199.10 1 8
golang.binggl.net/monorepo/pkg/security/jwtauthorization.go:202.51,204.16 2 7
golang.binggl.net/monorepo/pkg/security/jwtauthorization.go:204.16,205.68 1 1
golang.binggl.net/monorepo/pkg/security/jwtauthorization.go:207.2,207.10 1 6
golang.binggl.net/monorepo/pkg/security/jwtauthorization.go:210.45,211.22 1 13
golang.binggl.net/monorepo/pkg/security/jwtauthorization.go:211.22,212.23 1 13
golang.binggl.net/monorepo/pkg/security/jwtauthorization.go:212.23,213.14 1 16
golang.binggl.net/monorepo/pkg/security/jwtauthorization.go:213.14,215.5 1 10
golang.binggl.net/monorepo/pkg/security/jwtauthorization.go:218.2,218.14 1 3
golang.binggl.net/monorepo/pkg/security/jwtauthorization.go:221.32,223.21 2 17
golang.binggl.net/monorepo/pkg/security/jwtauthorization.go:223.21,226.3 2 17
golang.binggl.net/monorepo/pkg/security/jwtauthorization.go:227.2,227.16 1 0
golang.binggl.net/monorepo/pkg/security/jwtauthorization.go:230.44,236.42 2 17
golang.binggl.net/monorepo/pkg/security/jwtauthorization.go:236.42,238.3 1 0
golang.binggl.net/monorepo/pkg/security/jwtauthorization.go:239.2,239.42 1 17
golang.binggl.net/monorepo/pkg/security/jwtauthorization.go:239.42,241.3 1 0
golang.binggl.net/monorepo/pkg/security/jwtauthorization.go:242.2,242.88 1 17
golang.binggl.net/monorepo/pkg/security/jwtauthorization.go:242.88,244.3 1 5
golang.binggl.net/monorepo/pkg/security/jwtauthorization.go:246.2,246.58 1 12
golang.binggl.net/monorepo/pkg/security/jwtauthorization.go:246.58,248.3 1 1
golang.binggl.net/monorepo/pkg/security/jwtauthorization.go:249.2,249.18 1 11
golang.binggl.net/monorepo/pkg/security/jwtauthorization.go:252.40,253.16 1 24
golang.binggl.net/monorepo/pkg/security/jwtauthorization.go:253.16,255.17 2 9
golang.binggl.net/monorepo/pkg/security/jwtauthorization.go:255.17,257.4 1 1
golang.binggl.net/monorepo/pkg/security/jwtauthorization.go:259.2,259.13 1 23
golang.binggl.net/monorepo/pkg/security/jwtmiddleware.go:31.81,37.2 2 6
golang.binggl.net/monorepo/pkg/security/jwtmiddleware.go:40.127,47.22 3 9
golang.binggl.net/monorepo/pkg/security/jwtmiddleware.go:47.22,49.3 1 3
golang.binggl.net/monorepo/pkg/security/jwtmiddleware.go:50.2,50.17 1 9
golang.binggl.net/monorepo/pkg/security/jwtmiddleware.go:50.17,53.61 2 6
golang.binggl.net/monorepo/pkg/security/jwtmiddleware.go:53.61,57.4 2 3
golang.binggl.net/monorepo/pkg/security/jwtmiddleware.go:59.3,59.23 1 3
golang.binggl.net/monorepo/pkg/security/jwtmiddleware.go:62.2,63.16 2 6
golang.binggl.net/monorepo/pkg/security/jwtmiddleware.go:63.16,66.3 2 1
golang.binggl.net/monorepo/pkg/security/jwtmiddleware.go:67.2,67.43 1 5
golang.binggl.net/monorepo/pkg/security/jwtmiddleware.go:71.68,73.2 1 6
golang.binggl.net/monorepo/pkg/security/jwtmiddleware.go:76.57,79.2 2 1
golang.binggl.net/monorepo/pkg/security/jwtmiddleware.go:82.63,84.2 1 5
golang.binggl.net/monorepo/pkg/security/jwtmiddleware.go:86.91,89.71 2 6
golang.binggl.net/monorepo/pkg/security/jwtmiddleware.go:89.71,91.17 2 6
golang.binggl.net/monorepo/pkg/security/jwtmiddleware.go:91.17,98.4 2 2
golang.binggl.net/monorepo/pkg/security/jwtmiddleware.go:99.3,99.40 1 4
golang.binggl.net/monorepo/pkg/security/memorycache.go:13.55,18.2 1 9
golang.binggl.net/monorepo/pkg/security/memorycache.go:32.45,37.20 4 10
golang.binggl.net/monorepo/pkg/security/memorycache.go:37.20,40.3 2 1
golang.binggl.net/monorepo/pkg/security/memorycache.go:41.2,41.18 1 9
golang.binggl.net/monorepo/pkg/security/memorycache.go:45.51,53.2 3 6
golang.binggl.net/monorepo/pkg/security/memorycache.go:64.38,65.26 1 10
golang.binggl.net/monorepo/pkg/security/memorycache.go:65.26,67.3 1 6
golang.binggl.net/monorepo/pkg/security/memorycache.go:68.2,68.48 1 4
golang.binggl.net/monorepo/pkg/security/secinterceptor.go:26.67,30.71 4 3
golang.binggl.net/monorepo/pkg/security/secinterceptor.go:30.71,32.17 2 3
golang.binggl.net/monorepo/pkg/security/secinterceptor.go:32.17,35.29 3 2
golang.binggl.net/monorepo/pkg/security/secinterceptor.go:35.29,43.5 3 1
golang.binggl.net/monorepo/pkg/security/secinterceptor.go:45.4,46.10 2 1
golang.binggl.net/monorepo/pkg/security/secinterceptor.go:49.3,49.40 1 1
golang.binggl.net/monorepo/pkg/security/types.go:21.31,23.2 1 0
